<?xml version="1.0" encoding="utf-8"?><testsuites><testsuite name="pytest" errors="2" failures="0" skipped="10" tests="607" time="67.034" timestamp="2023-06-12T20:51:58.535698" hostname="malenia"><testcase classname="test.test_apps" name="test_convolution[&lt;context factory for &lt;pyopencl.Device 'pthread-Intel(R) Core(TM) i7-10700K CPU @ 3.80GHz' on 'Portable Computing Language'&gt;&gt;]" time="3.534" /><testcase classname="test.test_callables" name="test_inlining_does_not_require_barrier[True]" time="1.457" /><testcase classname="test.test_einsum" name="test_einsum_array_ops_same_dims[&lt;context factory for &lt;pyopencl.Device 'pthread-Intel(R) Core(TM) i7-10700K CPU @ 3.80GHz' on 'Portable Computing Language'&gt;&gt;-ij,kj-&gt;ik]" time="0.086" /><testcase classname="test.test_callables" name="test_empty_sub_array_refs[&lt;context factory for &lt;pyopencl.Device 'pthread-Intel(R) Core(TM) i7-10700K CPU @ 3.80GHz' on 'Portable Computing Language'&gt;&gt;-False]" time="0.036" /><testcase classname="test.test_callables" name="test_empty_sub_array_refs[&lt;context factory for &lt;pyopencl.Device 'pthread-Intel(R) Core(TM) i7-10700K CPU @ 3.80GHz' on 'Portable Computing Language'&gt;&gt;-True]" time="0.065" /><testcase classname="test.test_einsum" name="test_einsum_array_ops_diff_dims[&lt;context factory for &lt;pyopencl.Device 'pthread-Intel(R) Core(TM) i7-10700K CPU @ 3.80GHz' on 'Portable Computing Language'&gt;&gt;-ik,kj-&gt;ij]" time="0.030" /><testcase classname="test.test_callables" name="test_array_inputs_to_callee_kernels[&lt;context factory for &lt;pyopencl.Device 'pthread-Intel(R) Core(TM) i7-10700K CPU @ 3.80GHz' on 'Portable Computing Language'&gt;&gt;-False]" time="0.036" /><testcase classname="test.test_einsum" name="test_einsum_array_ops_triple_prod[&lt;context factory for &lt;pyopencl.Device 'pthread-Intel(R) Core(TM) i7-10700K CPU @ 3.80GHz' on 'Portable Computing Language'&gt;&gt;-im,mj,km-&gt;ijk]" time="0.041" /><testcase classname="test.test_callables" name="test_array_inputs_to_callee_kernels[&lt;context factory for &lt;pyopencl.Device 'pthread-Intel(R) Core(TM) i7-10700K CPU @ 3.80GHz' on 'Portable Computing Language'&gt;&gt;-True]" time="0.047" /><testcase classname="test.test_expression" name="test_fuzz_expression_code_gen[&lt;context factory for &lt;pyopencl.Device 'pthread-Intel(R) Core(TM) i7-10700K CPU @ 3.80GHz' on 'Portable Computing Language'&gt;&gt;-int-0-PyOpenCLTarget]" time="0.074" /><testcase classname="test.test_callables" name="test_stride_depending_on_args[&lt;context factory for &lt;pyopencl.Device 'pthread-Intel(R) Core(TM) i7-10700K CPU @ 3.80GHz' on 'Portable Computing Language'&gt;&gt;]" time="0.652" /><testcase classname="test.test_expression" name="test_fuzz_expression_code_gen[&lt;context factory for &lt;pyopencl.Device 'pthread-Intel(R) Core(TM) i7-10700K CPU @ 3.80GHz' on 'Portable Computing Language'&gt;&gt;-int-0-ExecutableCTarget]" time="0.070" /><testcase classname="test.test_expression" name="test_fuzz_expression_code_gen[&lt;context factory for &lt;pyopencl.Device 'pthread-Intel(R) Core(TM) i7-10700K CPU @ 3.80GHz' on 'Portable Computing Language'&gt;&gt;-int-1-PyOpenCLTarget]" time="0.074" /><testcase classname="test.test_expression" name="test_fuzz_expression_code_gen[&lt;context factory for &lt;pyopencl.Device 'pthread-Intel(R) Core(TM) i7-10700K CPU @ 3.80GHz' on 'Portable Computing Language'&gt;&gt;-int-1-ExecutableCTarget]" time="0.070" /><testcase classname="test.test_expression" name="test_fuzz_expression_code_gen[&lt;context factory for &lt;pyopencl.Device 'pthread-Intel(R) Core(TM) i7-10700K CPU @ 3.80GHz' on 'Portable Computing Language'&gt;&gt;-int-2-PyOpenCLTarget]" time="0.070" /><testcase classname="test.test_expression" name="test_fuzz_expression_code_gen[&lt;context factory for &lt;pyopencl.Device 'pthread-Intel(R) Core(TM) i7-10700K CPU @ 3.80GHz' on 'Portable Computing Language'&gt;&gt;-int-2-ExecutableCTarget]" time="0.066" /><testcase classname="test.test_expression" name="test_fuzz_expression_code_gen[&lt;context factory for &lt;pyopencl.Device 'pthread-Intel(R) Core(TM) i7-10700K CPU @ 3.80GHz' on 'Portable Computing Language'&gt;&gt;-int-3-PyOpenCLTarget]" time="0.068" /><testcase classname="test.test_expression" name="test_fuzz_expression_code_gen[&lt;context factory for &lt;pyopencl.Device 'pthread-Intel(R) Core(TM) i7-10700K CPU @ 3.80GHz' on 'Portable Computing Language'&gt;&gt;-int-3-ExecutableCTarget]" time="0.064" /><testcase classname="test.test_expression" name="test_fuzz_expression_code_gen[&lt;context factory for &lt;pyopencl.Device 'pthread-Intel(R) Core(TM) i7-10700K CPU @ 3.80GHz' on 'Portable Computing Language'&gt;&gt;-int-4-PyOpenCLTarget]" time="0.074" /><testcase classname="test.test_expression" name="test_fuzz_expression_code_gen[&lt;context factory for &lt;pyopencl.Device 'pthread-Intel(R) Core(TM) i7-10700K CPU @ 3.80GHz' on 'Portable Computing Language'&gt;&gt;-int-4-ExecutableCTarget]" time="0.062" /><testcase classname="test.test_callables" name="test_unknown_stride_to_callee[&lt;context factory for &lt;pyopencl.Device 'pthread-Intel(R) Core(TM) i7-10700K CPU @ 3.80GHz' on 'Portable Computing Language'&gt;&gt;]" time="0.629" /><testcase classname="test.test_expression" name="test_fuzz_expression_code_gen[&lt;context factory for &lt;pyopencl.Device 'pthread-Intel(R) Core(TM) i7-10700K CPU @ 3.80GHz' on 'Portable Computing Language'&gt;&gt;-int-5-PyOpenCLTarget]" time="0.076" /><testcase classname="test.test_expression" name="test_fuzz_expression_code_gen[&lt;context factory for &lt;pyopencl.Device 'pthread-Intel(R) Core(TM) i7-10700K CPU @ 3.80GHz' on 'Portable Computing Language'&gt;&gt;-int-5-ExecutableCTarget]" time="0.072" /><testcase classname="test.test_expression" name="test_fuzz_expression_code_gen[&lt;context factory for &lt;pyopencl.Device 'pthread-Intel(R) Core(TM) i7-10700K CPU @ 3.80GHz' on 'Portable Computing Language'&gt;&gt;-int_nonneg-0-PyOpenCLTarget]" time="0.057" /><testcase classname="test.test_expression" name="test_fuzz_expression_code_gen[&lt;context factory for &lt;pyopencl.Device 'pthread-Intel(R) Core(TM) i7-10700K CPU @ 3.80GHz' on 'Portable Computing Language'&gt;&gt;-int_nonneg-0-ExecutableCTarget]" time="0.051" /><testcase classname="test.test_expression" name="test_fuzz_expression_code_gen[&lt;context factory for &lt;pyopencl.Device 'pthread-Intel(R) Core(TM) i7-10700K CPU @ 3.80GHz' on 'Portable Computing Language'&gt;&gt;-int_nonneg-1-PyOpenCLTarget]" time="0.067" /><testcase classname="test.test_expression" name="test_fuzz_expression_code_gen[&lt;context factory for &lt;pyopencl.Device 'pthread-Intel(R) Core(TM) i7-10700K CPU @ 3.80GHz' on 'Portable Computing Language'&gt;&gt;-int_nonneg-1-ExecutableCTarget]" time="0.057" /><testcase classname="test.test_expression" name="test_fuzz_expression_code_gen[&lt;context factory for &lt;pyopencl.Device 'pthread-Intel(R) Core(TM) i7-10700K CPU @ 3.80GHz' on 'Portable Computing Language'&gt;&gt;-int_nonneg-2-PyOpenCLTarget]" time="0.053" /><testcase classname="test.test_expression" name="test_fuzz_expression_code_gen[&lt;context factory for &lt;pyopencl.Device 'pthread-Intel(R) Core(TM) i7-10700K CPU @ 3.80GHz' on 'Portable Computing Language'&gt;&gt;-int_nonneg-2-ExecutableCTarget]" time="0.046" /><testcase classname="test.test_expression" name="test_fuzz_expression_code_gen[&lt;context factory for &lt;pyopencl.Device 'pthread-Intel(R) Core(TM) i7-10700K CPU @ 3.80GHz' on 'Portable Computing Language'&gt;&gt;-int_nonneg-3-PyOpenCLTarget]" time="0.070" /><testcase classname="test.test_expression" name="test_fuzz_expression_code_gen[&lt;context factory for &lt;pyopencl.Device 'pthread-Intel(R) Core(TM) i7-10700K CPU @ 3.80GHz' on 'Portable Computing Language'&gt;&gt;-int_nonneg-3-ExecutableCTarget]" time="0.069" /><testcase classname="test.test_expression" name="test_fuzz_expression_code_gen[&lt;context factory for &lt;pyopencl.Device 'pthread-Intel(R) Core(TM) i7-10700K CPU @ 3.80GHz' on 'Portable Computing Language'&gt;&gt;-int_nonneg-4-PyOpenCLTarget]" time="0.071" /><testcase classname="test.test_callables" name="test_argument_matching_for_inplace_update[&lt;context factory for &lt;pyopencl.Device 'pthread-Intel(R) Core(TM) i7-10700K CPU @ 3.80GHz' on 'Portable Computing Language'&gt;&gt;]" time="0.065" /><testcase classname="test.test_callables" name="test_non_zero_start_in_subarray_ref[&lt;context factory for &lt;pyopencl.Device 'pthread-Intel(R) Core(TM) i7-10700K CPU @ 3.80GHz' on 'Portable Computing Language'&gt;&gt;]" time="0.033" /><testcase classname="test.test_expression" name="test_fuzz_expression_code_gen[&lt;context factory for &lt;pyopencl.Device 'pthread-Intel(R) Core(TM) i7-10700K CPU @ 3.80GHz' on 'Portable Computing Language'&gt;&gt;-int_nonneg-4-ExecutableCTarget]" time="0.042" /><testcase classname="test.test_callables" name="test_incomplete_entrypoint_raises_type_inf_failure" time="0.016" /><testcase classname="test.test_callables" name="test_callees_with_gbarriers_are_inlined[&lt;context factory for &lt;pyopencl.Device 'pthread-Intel(R) Core(TM) i7-10700K CPU @ 3.80GHz' on 'Portable Computing Language'&gt;&gt;]" time="0.042" /><testcase classname="test.test_expression" name="test_fuzz_expression_code_gen[&lt;context factory for &lt;pyopencl.Device 'pthread-Intel(R) Core(TM) i7-10700K CPU @ 3.80GHz' on 'Portable Computing Language'&gt;&gt;-int_nonneg-5-PyOpenCLTarget]" time="0.070" /><testcase classname="test.test_callables" name="test_callees_with_gbarriers_are_inlined_with_nested_calls[&lt;context factory for &lt;pyopencl.Device 'pthread-Intel(R) Core(TM) i7-10700K CPU @ 3.80GHz' on 'Portable Computing Language'&gt;&gt;]" time="0.041" /><testcase classname="test.test_callables" name="test_inlining_does_not_require_barrier[False]" time="0.080" /><testcase classname="test.test_callables" name="test_inlining_w_zero_stride_callee_args[&lt;context factory for &lt;pyopencl.Device 'pthread-Intel(R) Core(TM) i7-10700K CPU @ 3.80GHz' on 'Portable Computing Language'&gt;&gt;]" time="1.468" /><testcase classname="test.test_expression" name="test_fuzz_expression_code_gen[&lt;context factory for &lt;pyopencl.Device 'pthread-Intel(R) Core(TM) i7-10700K CPU @ 3.80GHz' on 'Portable Computing Language'&gt;&gt;-int_nonneg-5-ExecutableCTarget]" time="0.058" /><testcase classname="test.test_callables" name="test_inlining_with_indirections[&lt;context factory for &lt;pyopencl.Device 'pthread-Intel(R) Core(TM) i7-10700K CPU @ 3.80GHz' on 'Portable Computing Language'&gt;&gt;]" time="0.052" /><testcase classname="test.test_expression" name="test_fuzz_expression_code_gen[&lt;context factory for &lt;pyopencl.Device 'pthread-Intel(R) Core(TM) i7-10700K CPU @ 3.80GHz' on 'Portable Computing Language'&gt;&gt;-real-0-PyOpenCLTarget]" time="0.154" /><testcase classname="test.test_callables" name="test_inlining_with_callee_domain_param[&lt;context factory for &lt;pyopencl.Device 'pthread-Intel(R) Core(TM) i7-10700K CPU @ 3.80GHz' on 'Portable Computing Language'&gt;&gt;]" time="0.054" /><testcase classname="test.test_callables" name="test_double_resolving" time="0.007" /><testcase classname="test.test_callables" name="test_passing_and_getting_scalar_in_clbl_knl[&lt;context factory for &lt;pyopencl.Device 'pthread-Intel(R) Core(TM) i7-10700K CPU @ 3.80GHz' on 'Portable Computing Language'&gt;&gt;-False]" time="0.013" /><testcase classname="test.test_callables" name="test_passing_and_getting_scalar_in_clbl_knl[&lt;context factory for &lt;pyopencl.Device 'pthread-Intel(R) Core(TM) i7-10700K CPU @ 3.80GHz' on 'Portable Computing Language'&gt;&gt;-True]" time="0.016" /><testcase classname="test.test_callables" name="test_passing_scalar_as_indexed_subcript_in_clbl_knl[&lt;context factory for &lt;pyopencl.Device 'pthread-Intel(R) Core(TM) i7-10700K CPU @ 3.80GHz' on 'Portable Computing Language'&gt;&gt;-False]" time="0.015" /><testcase classname="test.test_callables" name="test_passing_scalar_as_indexed_subcript_in_clbl_knl[&lt;context factory for &lt;pyopencl.Device 'pthread-Intel(R) Core(TM) i7-10700K CPU @ 3.80GHz' on 'Portable Computing Language'&gt;&gt;-True]" time="0.017" /><testcase classname="test.test_callables" name="test_symbol_mangler_in_call[&lt;context factory for &lt;pyopencl.Device 'pthread-Intel(R) Core(TM) i7-10700K CPU @ 3.80GHz' on 'Portable Computing Language'&gt;&gt;]" time="0.007" /><testcase classname="test.test_callables" name="test_int_max_min_c_target[&lt;context factory for &lt;pyopencl.Device 'pthread-Intel(R) Core(TM) i7-10700K CPU @ 3.80GHz' on 'Portable Computing Language'&gt;&gt;-max]" time="0.044" /><testcase classname="test.test_expression" name="test_fuzz_expression_code_gen[&lt;context factory for &lt;pyopencl.Device 'pthread-Intel(R) Core(TM) i7-10700K CPU @ 3.80GHz' on 'Portable Computing Language'&gt;&gt;-real-0-ExecutableCTarget]" time="0.127" /><testcase classname="test.test_callables" name="test_int_max_min_c_target[&lt;context factory for &lt;pyopencl.Device 'pthread-Intel(R) Core(TM) i7-10700K CPU @ 3.80GHz' on 'Portable Computing Language'&gt;&gt;-min]" time="0.038" /><testcase classname="test.test_callables" name="test_valueargs_being_mapped_in_inling[&lt;context factory for &lt;pyopencl.Device 'pthread-Intel(R) Core(TM) i7-10700K CPU @ 3.80GHz' on 'Portable Computing Language'&gt;&gt;]" time="1.922" /><testcase classname="test.test_expression" name="test_fuzz_expression_code_gen[&lt;context factory for &lt;pyopencl.Device 'pthread-Intel(R) Core(TM) i7-10700K CPU @ 3.80GHz' on 'Portable Computing Language'&gt;&gt;-real-1-PyOpenCLTarget]" time="0.225" /><testcase classname="test.test_expression" name="test_fuzz_expression_code_gen[&lt;context factory for &lt;pyopencl.Device 'pthread-Intel(R) Core(TM) i7-10700K CPU @ 3.80GHz' on 'Portable Computing Language'&gt;&gt;-real-1-ExecutableCTarget]" time="0.187" /><testcase classname="test.test_expression" name="test_fuzz_expression_code_gen[&lt;context factory for &lt;pyopencl.Device 'pthread-Intel(R) Core(TM) i7-10700K CPU @ 3.80GHz' on 'Portable Computing Language'&gt;&gt;-real-2-PyOpenCLTarget]" time="0.197" /><testcase classname="test.test_expression" name="test_fuzz_expression_code_gen[&lt;context factory for &lt;pyopencl.Device 'pthread-Intel(R) Core(TM) i7-10700K CPU @ 3.80GHz' on 'Portable Computing Language'&gt;&gt;-real-2-ExecutableCTarget]" time="0.150" /><testcase classname="test.test_expression" name="test_fuzz_expression_code_gen[&lt;context factory for &lt;pyopencl.Device 'pthread-Intel(R) Core(TM) i7-10700K CPU @ 3.80GHz' on 'Portable Computing Language'&gt;&gt;-real-3-PyOpenCLTarget]" time="0.294" /><testcase classname="test.test_callables" name="test_call_kernel_w_preds[&lt;context factory for &lt;pyopencl.Device 'pthread-Intel(R) Core(TM) i7-10700K CPU @ 3.80GHz' on 'Portable Computing Language'&gt;&gt;-True]" time="0.046" /><testcase classname="test.test_callables" name="test_call_kernel_w_preds[&lt;context factory for &lt;pyopencl.Device 'pthread-Intel(R) Core(TM) i7-10700K CPU @ 3.80GHz' on 'Portable Computing Language'&gt;&gt;-False]" time="0.059" /><testcase classname="test.test_expression" name="test_fuzz_expression_code_gen[&lt;context factory for &lt;pyopencl.Device 'pthread-Intel(R) Core(TM) i7-10700K CPU @ 3.80GHz' on 'Portable Computing Language'&gt;&gt;-real-3-ExecutableCTarget]" time="0.328" /><testcase classname="test.test_callables" name="test_inlining_does_not_lose_preambles[&lt;context factory for &lt;pyopencl.Device 'pthread-Intel(R) Core(TM) i7-10700K CPU @ 3.80GHz' on 'Portable Computing Language'&gt;&gt;-True]" time="0.033" /><testcase classname="test.test_callables" name="test_inlining_does_not_lose_preambles[&lt;context factory for &lt;pyopencl.Device 'pthread-Intel(R) Core(TM) i7-10700K CPU @ 3.80GHz' on 'Portable Computing Language'&gt;&gt;-False]" time="0.029" /><testcase classname="test.test_callables" name="test_c_instruction_in_callee[&lt;context factory for &lt;pyopencl.Device 'pthread-Intel(R) Core(TM) i7-10700K CPU @ 3.80GHz' on 'Portable Computing Language'&gt;&gt;-True]" time="0.049" /><testcase classname="test.test_callables" name="test_c_instruction_in_callee[&lt;context factory for &lt;pyopencl.Device 'pthread-Intel(R) Core(TM) i7-10700K CPU @ 3.80GHz' on 'Portable Computing Language'&gt;&gt;-False]" time="0.042" /><testcase classname="test.test_callables" name="test_global_temp_var_with_base_storage[&lt;context factory for &lt;pyopencl.Device 'pthread-Intel(R) Core(TM) i7-10700K CPU @ 3.80GHz' on 'Portable Computing Language'&gt;&gt;]" time="0.039" /><testcase classname="test.test_callables" name="test_inline_deps[&lt;context factory for &lt;pyopencl.Device 'pthread-Intel(R) Core(TM) i7-10700K CPU @ 3.80GHz' on 'Portable Computing Language'&gt;&gt;]" time="0.064" /><testcase classname="test.test_callables" name="test_inline_stride" time="0.043" /><testcase classname="test.test_expression" name="test_fuzz_expression_code_gen[&lt;context factory for &lt;pyopencl.Device 'pthread-Intel(R) Core(TM) i7-10700K CPU @ 3.80GHz' on 'Portable Computing Language'&gt;&gt;-real-4-PyOpenCLTarget]" time="0.265" /><testcase classname="test.test_callables" name="test_inline_predicate" time="0.046" /><testcase classname="test.test_callables" name="test_subarray_ref_with_repeated_indices[&lt;context factory for &lt;pyopencl.Device 'pthread-Intel(R) Core(TM) i7-10700K CPU @ 3.80GHz' on 'Portable Computing Language'&gt;&gt;]" time="0.046" /><testcase classname="test.test_callables" name="test_inline_constant_access" time="0.030" /><testcase classname="test.test_apps" name="test_convolution_with_nonzero_base[&lt;context factory for &lt;pyopencl.Device 'pthread-Intel(R) Core(TM) i7-10700K CPU @ 3.80GHz' on 'Portable Computing Language'&gt;&gt;]" time="6.558" /><testcase classname="test.test_dependencies" name="test_lex_dependencies" time="0.017" /><testcase classname="test.test_dg" name="test_dg_volume[&lt;context factory for &lt;pyopencl.Device 'pthread-Intel(R) Core(TM) i7-10700K CPU @ 3.80GHz' on 'Portable Computing Language'&gt;&gt;]" time="4.994" /><testcase classname="test.test_expression" name="test_fuzz_expression_code_gen[&lt;context factory for &lt;pyopencl.Device 'pthread-Intel(R) Core(TM) i7-10700K CPU @ 3.80GHz' on 'Portable Computing Language'&gt;&gt;-real-4-ExecutableCTarget]" time="0.182" /><testcase classname="test.test_expression" name="test_fuzz_expression_code_gen[&lt;context factory for &lt;pyopencl.Device 'pthread-Intel(R) Core(TM) i7-10700K CPU @ 3.80GHz' on 'Portable Computing Language'&gt;&gt;-real-5-PyOpenCLTarget]" time="0.288" /><testcase classname="test.test_callables" name="test_unused_hw_axes_in_callee[&lt;context factory for &lt;pyopencl.Device 'pthread-Intel(R) Core(TM) i7-10700K CPU @ 3.80GHz' on 'Portable Computing Language'&gt;&gt;-True]" time="0.621" /><testcase classname="test.test_expression" name="test_fuzz_expression_code_gen[&lt;context factory for &lt;pyopencl.Device 'pthread-Intel(R) Core(TM) i7-10700K CPU @ 3.80GHz' on 'Portable Computing Language'&gt;&gt;-real-5-ExecutableCTarget]" time="0.210" /><testcase classname="test.test_expression" name="test_fuzz_expression_code_gen[&lt;context factory for &lt;pyopencl.Device 'pthread-Intel(R) Core(TM) i7-10700K CPU @ 3.80GHz' on 'Portable Computing Language'&gt;&gt;-complex-0-PyOpenCLTarget]" time="0.230" /><testcase classname="test.test_callables" name="test_unused_hw_axes_in_callee[&lt;context factory for &lt;pyopencl.Device 'pthread-Intel(R) Core(TM) i7-10700K CPU @ 3.80GHz' on 'Portable Computing Language'&gt;&gt;-False]" time="0.604" /><testcase classname="test.test_expression" name="test_fuzz_expression_code_gen[&lt;context factory for &lt;pyopencl.Device 'pthread-Intel(R) Core(TM) i7-10700K CPU @ 3.80GHz' on 'Portable Computing Language'&gt;&gt;-complex-0-ExecutableCTarget]" time="0.149" /><testcase classname="test.test_expression" name="test_fuzz_expression_code_gen[&lt;context factory for &lt;pyopencl.Device 'pthread-Intel(R) Core(TM) i7-10700K CPU @ 3.80GHz' on 'Portable Computing Language'&gt;&gt;-complex-1-PyOpenCLTarget]" time="0.298" /><testcase classname="test.test_expression" name="test_fuzz_expression_code_gen[&lt;context factory for &lt;pyopencl.Device 'pthread-Intel(R) Core(TM) i7-10700K CPU @ 3.80GHz' on 'Portable Computing Language'&gt;&gt;-complex-1-ExecutableCTarget]" time="0.203" /><testcase classname="test.test_callables" name="test_double_hw_axes_used_in_knl_call[True]" time="0.023" /><testcase classname="test.test_callables" name="test_double_hw_axes_used_in_knl_call[False]" time="0.015" /><testcase classname="test.test_callables" name="test_kc_with_floor_div_in_expr[&lt;context factory for &lt;pyopencl.Device 'pthread-Intel(R) Core(TM) i7-10700K CPU @ 3.80GHz' on 'Portable Computing Language'&gt;&gt;-True]" time="1.903" /><testcase classname="test.test_expression" name="test_fuzz_expression_code_gen[&lt;context factory for &lt;pyopencl.Device 'pthread-Intel(R) Core(TM) i7-10700K CPU @ 3.80GHz' on 'Portable Computing Language'&gt;&gt;-complex-2-PyOpenCLTarget]" time="0.287" /><testcase classname="test.test_expression" name="test_fuzz_expression_code_gen[&lt;context factory for &lt;pyopencl.Device 'pthread-Intel(R) Core(TM) i7-10700K CPU @ 3.80GHz' on 'Portable Computing Language'&gt;&gt;-complex-2-ExecutableCTarget]" time="0.175" /><testcase classname="test.test_expression" name="test_fuzz_expression_code_gen[&lt;context factory for &lt;pyopencl.Device 'pthread-Intel(R) Core(TM) i7-10700K CPU @ 3.80GHz' on 'Portable Computing Language'&gt;&gt;-complex-3-PyOpenCLTarget]" time="0.255" /><testcase classname="test.test_expression" name="test_fuzz_expression_code_gen[&lt;context factory for &lt;pyopencl.Device 'pthread-Intel(R) Core(TM) i7-10700K CPU @ 3.80GHz' on 'Portable Computing Language'&gt;&gt;-complex-3-ExecutableCTarget]" time="0.163" /><testcase classname="test.test_expression" name="test_fuzz_expression_code_gen[&lt;context factory for &lt;pyopencl.Device 'pthread-Intel(R) Core(TM) i7-10700K CPU @ 3.80GHz' on 'Portable Computing Language'&gt;&gt;-complex-4-PyOpenCLTarget]" time="0.295" /><testcase classname="test.test_expression" name="test_fuzz_expression_code_gen[&lt;context factory for &lt;pyopencl.Device 'pthread-Intel(R) Core(TM) i7-10700K CPU @ 3.80GHz' on 'Portable Computing Language'&gt;&gt;-complex-4-ExecutableCTarget]" time="0.185" /><testcase classname="test.test_expression" name="test_fuzz_expression_code_gen[&lt;context factory for &lt;pyopencl.Device 'pthread-Intel(R) Core(TM) i7-10700K CPU @ 3.80GHz' on 'Portable Computing Language'&gt;&gt;-complex-5-PyOpenCLTarget]" time="0.285" /><testcase classname="test.test_expression" name="test_fuzz_expression_code_gen[&lt;context factory for &lt;pyopencl.Device 'pthread-Intel(R) Core(TM) i7-10700K CPU @ 3.80GHz' on 'Portable Computing Language'&gt;&gt;-complex-5-ExecutableCTarget]" time="0.159" /><testcase classname="test.test_callables" name="test_kc_with_floor_div_in_expr[&lt;context factory for &lt;pyopencl.Device 'pthread-Intel(R) Core(TM) i7-10700K CPU @ 3.80GHz' on 'Portable Computing Language'&gt;&gt;-False]" time="0.594" /><testcase classname="test.test_expression" name="test_sci_notation_literal[&lt;context factory for &lt;pyopencl.Device 'pthread-Intel(R) Core(TM) i7-10700K CPU @ 3.80GHz' on 'Portable Computing Language'&gt;&gt;]" time="0.120" /><testcase classname="test.test_expression" name="test_indexof[&lt;context factory for &lt;pyopencl.Device 'pthread-Intel(R) Core(TM) i7-10700K CPU @ 3.80GHz' on 'Portable Computing Language'&gt;&gt;]" time="0.141" /><testcase classname="test.test_expression" name="test_indexof_vec[&lt;context factory for &lt;pyopencl.Device 'pthread-Intel(R) Core(TM) i7-10700K CPU @ 3.80GHz' on 'Portable Computing Language'&gt;&gt;]" time="0.139" /><testcase classname="test.test_expression" name="test_is_expression_equal" time="0.004" /><testcase classname="test.test_expression" name="test_integer_associativity" time="0.052" /><testcase classname="test.test_expression" name="test_floor_div" time="0.011" /><testcase classname="test.test_expression" name="test_divide_precedence[&lt;context factory for &lt;pyopencl.Device 'pthread-Intel(R) Core(TM) i7-10700K CPU @ 3.80GHz' on 'Portable Computing Language'&gt;&gt;]" time="0.135" /><testcase classname="test.test_callables" name="test_non1_step_slices[&lt;context factory for &lt;pyopencl.Device 'pthread-Intel(R) Core(TM) i7-10700K CPU @ 3.80GHz' on 'Portable Computing Language'&gt;&gt;-True-5]" time="0.580" /><testcase classname="test.test_expression" name="test_complex_support[&lt;context factory for &lt;pyopencl.Device 'pthread-Intel(R) Core(TM) i7-10700K CPU @ 3.80GHz' on 'Portable Computing Language'&gt;&gt;-PyOpenCLTarget]" time="0.138" /><testcase classname="test.test_expression" name="test_complex_support[&lt;context factory for &lt;pyopencl.Device 'pthread-Intel(R) Core(TM) i7-10700K CPU @ 3.80GHz' on 'Portable Computing Language'&gt;&gt;-ExecutableCTarget]" time="0.065" /><testcase classname="test.test_expression" name="test_real_with_real_argument[&lt;context factory for &lt;pyopencl.Device 'pthread-Intel(R) Core(TM) i7-10700K CPU @ 3.80GHz' on 'Portable Computing Language'&gt;&gt;-float32]" time="0.113" /><testcase classname="test.test_expression" name="test_real_with_real_argument[&lt;context factory for &lt;pyopencl.Device 'pthread-Intel(R) Core(TM) i7-10700K CPU @ 3.80GHz' on 'Portable Computing Language'&gt;&gt;-float64]" time="0.114" /><testcase classname="test.test_expression" name="test_bool_type_context[&lt;context factory for &lt;pyopencl.Device 'pthread-Intel(R) Core(TM) i7-10700K CPU @ 3.80GHz' on 'Portable Computing Language'&gt;&gt;]" time="0.109" /><testcase classname="test.test_expression" name="test_np_bool_handling[&lt;context factory for &lt;pyopencl.Device 'pthread-Intel(R) Core(TM) i7-10700K CPU @ 3.80GHz' on 'Portable Computing Language'&gt;&gt;]" time="0.106" /><testcase classname="test.test_callables" name="test_non1_step_slices[&lt;context factory for &lt;pyopencl.Device 'pthread-Intel(R) Core(TM) i7-10700K CPU @ 3.80GHz' on 'Portable Computing Language'&gt;&gt;-True-6]" time="0.307" /><testcase classname="test.test_fortran" name="test_fp_prec_comparison" time="0.024" /><testcase classname="test.test_fortran" name="test_assign_double_precision_scalar[&lt;context factory for &lt;pyopencl.Device 'pthread-Intel(R) Core(TM) i7-10700K CPU @ 3.80GHz' on 'Portable Computing Language'&gt;&gt;]" time="0.110" /><testcase classname="test.test_fortran" name="test_assign_double_precision_scalar_as_rational[&lt;context factory for &lt;pyopencl.Device 'pthread-Intel(R) Core(TM) i7-10700K CPU @ 3.80GHz' on 'Portable Computing Language'&gt;&gt;]" time="0.109" /><testcase classname="test.test_callables" name="test_non1_step_slices[&lt;context factory for &lt;pyopencl.Device 'pthread-Intel(R) Core(TM) i7-10700K CPU @ 3.80GHz' on 'Portable Computing Language'&gt;&gt;-True-7]" time="0.360" /><testcase classname="test.test_loopy" name="test_arg_guessing_with_reduction" time="0.011" /><testcase classname="test.test_loopy" name="test_unknown_arg_shape" time="0.009" /><testcase classname="test.test_loopy" name="test_nonlinear_index" time="0.003" /><testcase classname="test.test_diff" name="test_diff[&lt;context factory for &lt;pyopencl.Device 'pthread-Intel(R) Core(TM) i7-10700K CPU @ 3.80GHz' on 'Portable Computing Language'&gt;&gt;]" time="0.073" /><testcase classname="test.test_loopy" name="test_offsets_and_slicing[&lt;context factory for &lt;pyopencl.Device 'pthread-Intel(R) Core(TM) i7-10700K CPU @ 3.80GHz' on 'Portable Computing Language'&gt;&gt;]" time="0.114" /><testcase classname="test.test_domain" name="test_assume" time="0.006" /><testcase classname="test.test_domain" name="test_divisibility_assumption[&lt;context factory for &lt;pyopencl.Device 'pthread-Intel(R) Core(TM) i7-10700K CPU @ 3.80GHz' on 'Portable Computing Language'&gt;&gt;]" time="0.512" /><testcase classname="test.test_loopy" name="test_vector_ilp_with_prefetch[&lt;context factory for &lt;pyopencl.Device 'pthread-Intel(R) Core(TM) i7-10700K CPU @ 3.80GHz' on 'Portable Computing Language'&gt;&gt;]" time="0.872" /><testcase classname="test.test_callables" name="test_non1_step_slices[&lt;context factory for &lt;pyopencl.Device 'pthread-Intel(R) Core(TM) i7-10700K CPU @ 3.80GHz' on 'Portable Computing Language'&gt;&gt;-False-5]" time="0.050" /><testcase classname="test.test_callables" name="test_non1_step_slices[&lt;context factory for &lt;pyopencl.Device 'pthread-Intel(R) Core(TM) i7-10700K CPU @ 3.80GHz' on 'Portable Computing Language'&gt;&gt;-False-6]" time="0.039" /><testcase classname="test.test_callables" name="test_non1_step_slices[&lt;context factory for &lt;pyopencl.Device 'pthread-Intel(R) Core(TM) i7-10700K CPU @ 3.80GHz' on 'Portable Computing Language'&gt;&gt;-False-7]" time="0.042" /><testcase classname="test.test_callables" name="test_check_bounds_with_caller_assumptions[&lt;context factory for &lt;pyopencl.Device 'pthread-Intel(R) Core(TM) i7-10700K CPU @ 3.80GHz' on 'Portable Computing Language'&gt;&gt;]" time="1.643" /><testcase classname="test.test_domain" name="test_eq_constraint" time="0.009" /><testcase classname="test.test_domain" name="test_dependent_loop_bounds" time="0.014" /><testcase classname="test.test_domain" name="test_dependent_loop_bounds_2" time="0.017" /><testcase classname="test.test_domain" name="test_dependent_loop_bounds_3" time="0.018" /><testcase classname="test.test_domain" name="test_dependent_loop_bounds_4" time="0.095" /><testcase classname="test.test_domain" name="test_independent_multi_domain[&lt;context factory for &lt;pyopencl.Device 'pthread-Intel(R) Core(TM) i7-10700K CPU @ 3.80GHz' on 'Portable Computing Language'&gt;&gt;]" time="0.047" /><testcase classname="test.test_domain" name="test_equality_constraints[&lt;context factory for &lt;pyopencl.Device 'pthread-Intel(R) Core(TM) i7-10700K CPU @ 3.80GHz' on 'Portable Computing Language'&gt;&gt;]" time="0.842" /><testcase classname="test.test_loopy" name="test_c_instruction" time="0.011" /><testcase classname="test.test_loopy" name="test_dependent_domain_insn_iname_finding" time="0.011" /><testcase classname="test.test_loopy" name="test_inames_deps_from_write_subscript[&lt;context factory for &lt;pyopencl.Device 'pthread-Intel(R) Core(TM) i7-10700K CPU @ 3.80GHz' on 'Portable Computing Language'&gt;&gt;]" time="0.006" /><testcase classname="test.test_loopy" name="test_modulo_indexing" time="0.007" /><testcase classname="test.test_loopy" name="test_vector_types[&lt;context factory for &lt;pyopencl.Device 'pthread-Intel(R) Core(TM) i7-10700K CPU @ 3.80GHz' on 'Portable Computing Language'&gt;&gt;-2]" time="0.900" /><testcase classname="test.test_apps" name="test_rob_stroud_bernstein" time="0.042" /><testcase classname="test.test_apps" name="test_rob_stroud_bernstein_full" time="0.055" /><testcase classname="test.test_apps" name="test_stencil[&lt;context factory for &lt;pyopencl.Device 'pthread-Intel(R) Core(TM) i7-10700K CPU @ 3.80GHz' on 'Portable Computing Language'&gt;&gt;]" time="0.634" /><testcase classname="test.test_domain" name="test_stride[&lt;context factory for &lt;pyopencl.Device 'pthread-Intel(R) Core(TM) i7-10700K CPU @ 3.80GHz' on 'Portable Computing Language'&gt;&gt;]" time="0.593" /><testcase classname="test.test_loopy" name="test_vector_types[&lt;context factory for &lt;pyopencl.Device 'pthread-Intel(R) Core(TM) i7-10700K CPU @ 3.80GHz' on 'Portable Computing Language'&gt;&gt;-3]" time="0.959" /><testcase classname="test.test_callables" name="test_callee_with_auto_offset[&lt;context factory for &lt;pyopencl.Device 'pthread-Intel(R) Core(TM) i7-10700K CPU @ 3.80GHz' on 'Portable Computing Language'&gt;&gt;]" time="0.040" /><testcase classname="test.test_callables" name="test_callee_with_parameter_and_grid[&lt;context factory for &lt;pyopencl.Device 'pthread-Intel(R) Core(TM) i7-10700K CPU @ 3.80GHz' on 'Portable Computing Language'&gt;&gt;]" time="0.043" /><testcase classname="test.test_fortran" name="test_assign_single_precision_scalar[&lt;context factory for &lt;pyopencl.Device 'pthread-Intel(R) Core(TM) i7-10700K CPU @ 3.80GHz' on 'Portable Computing Language'&gt;&gt;]" time="0.055" /><testcase classname="test.test_fortran" name="test_fill[&lt;context factory for &lt;pyopencl.Device 'pthread-Intel(R) Core(TM) i7-10700K CPU @ 3.80GHz' on 'Portable Computing Language'&gt;&gt;]" time="0.616" /><testcase classname="test.test_domain" name="test_domain_dependency_via_existentially_quantified_variable[&lt;context factory for &lt;pyopencl.Device 'pthread-Intel(R) Core(TM) i7-10700K CPU @ 3.80GHz' on 'Portable Computing Language'&gt;&gt;]" time="0.658" /><testcase classname="test.test_apps" name="test_stencil_with_overfetch[&lt;context factory for &lt;pyopencl.Device 'pthread-Intel(R) Core(TM) i7-10700K CPU @ 3.80GHz' on 'Portable Computing Language'&gt;&gt;]" time="0.064"><skipped type="pytest.skip" message="takes very long to compile on pocl">/home/aj/Dropbox/grad_school/research/cs597/loopy/test/test_apps.py:390: takes very long to compile on pocl</skipped></testcase><testcase classname="test.test_apps" name="test_sum_factorization" time="0.034"><skipped type="pytest.xfail" message="extract_subst is currently too stupid for sum factorization" /></testcase><testcase classname="test.test_apps" name="test_lbm[&lt;context factory for &lt;pyopencl.Device 'pthread-Intel(R) Core(TM) i7-10700K CPU @ 3.80GHz' on 'Portable Computing Language'&gt;&gt;]" time="1.446" /><testcase classname="test.test_fortran" name="test_fill_const[&lt;context factory for &lt;pyopencl.Device 'pthread-Intel(R) Core(TM) i7-10700K CPU @ 3.80GHz' on 'Portable Computing Language'&gt;&gt;]" time="0.508" /><testcase classname="test.test_loopy" name="test_vector_types[&lt;context factory for &lt;pyopencl.Device 'pthread-Intel(R) Core(TM) i7-10700K CPU @ 3.80GHz' on 'Portable Computing Language'&gt;&gt;-4]" time="0.926" /><testcase classname="test.test_domain" name="test_triangle_domain" time="0.007" /><testcase classname="test.test_einsum" name="test_make_einsum_error_handling" time="0.000" /><testcase classname="test.test_einsum" name="test_einsum_array_manipulation[&lt;context factory for &lt;pyopencl.Device 'pthread-Intel(R) Core(TM) i7-10700K CPU @ 3.80GHz' on 'Portable Computing Language'&gt;&gt;-ij-&gt;ij]" time="0.052" /><testcase classname="test.test_einsum" name="test_einsum_array_manipulation[&lt;context factory for &lt;pyopencl.Device 'pthread-Intel(R) Core(TM) i7-10700K CPU @ 3.80GHz' on 'Portable Computing Language'&gt;&gt;-ij-&gt;ji]" time="0.045" /><testcase classname="test.test_einsum" name="test_einsum_array_manipulation[&lt;context factory for &lt;pyopencl.Device 'pthread-Intel(R) Core(TM) i7-10700K CPU @ 3.80GHz' on 'Portable Computing Language'&gt;&gt;-ii-&gt;i]" time="0.046" /><testcase classname="test.test_einsum" name="test_einsum_array_matvec[&lt;context factory for &lt;pyopencl.Device 'pthread-Intel(R) Core(TM) i7-10700K CPU @ 3.80GHz' on 'Portable Computing Language'&gt;&gt;-ij,j-&gt;j]" time="0.050" /><testcase classname="test.test_einsum" name="test_einsum_array_ops_same_dims[&lt;context factory for &lt;pyopencl.Device 'pthread-Intel(R) Core(TM) i7-10700K CPU @ 3.80GHz' on 'Portable Computing Language'&gt;&gt;-ij,ij-&gt;ij]" time="0.051" /><testcase classname="test.test_einsum" name="test_einsum_array_ops_same_dims[&lt;context factory for &lt;pyopencl.Device 'pthread-Intel(R) Core(TM) i7-10700K CPU @ 3.80GHz' on 'Portable Computing Language'&gt;&gt;-ij,ji-&gt;ij]" time="0.052" /><testcase classname="test.test_linalg" name="test_transpose[&lt;context factory for &lt;pyopencl.Device 'pthread-Intel(R) Core(TM) i7-10700K CPU @ 3.80GHz' on 'Portable Computing Language'&gt;&gt;]" time="0.956" /><testcase classname="test.test_fortran" name="test_asterisk_in_shape[&lt;context factory for &lt;pyopencl.Device 'pthread-Intel(R) Core(TM) i7-10700K CPU @ 3.80GHz' on 'Portable Computing Language'&gt;&gt;]" time="0.045" /><testcase classname="test.test_fortran" name="test_assignment_to_subst[&lt;context factory for &lt;pyopencl.Device 'pthread-Intel(R) Core(TM) i7-10700K CPU @ 3.80GHz' on 'Portable Computing Language'&gt;&gt;]" time="0.685" /><testcase classname="test.test_apps" name="test_fd_demo" time="0.189" /><testcase classname="test.test_loopy" name="test_vector_types[&lt;context factory for &lt;pyopencl.Device 'pthread-Intel(R) Core(TM) i7-10700K CPU @ 3.80GHz' on 'Portable Computing Language'&gt;&gt;-8]" time="0.988" /><testcase classname="test.test_apps" name="test_fd_1d[&lt;context factory for &lt;pyopencl.Device 'pthread-Intel(R) Core(TM) i7-10700K CPU @ 3.80GHz' on 'Portable Computing Language'&gt;&gt;]" time="0.883" /><testcase classname="test.test_fortran" name="test_assignment_to_subst_two_defs[&lt;context factory for &lt;pyopencl.Device 'pthread-Intel(R) Core(TM) i7-10700K CPU @ 3.80GHz' on 'Portable Computing Language'&gt;&gt;]" time="0.944" /><testcase classname="test.test_linalg" name="test_plain_matrix_mul[&lt;context factory for &lt;pyopencl.Device 'pthread-Intel(R) Core(TM) i7-10700K CPU @ 3.80GHz' on 'Portable Computing Language'&gt;&gt;]" time="1.696" /><testcase classname="test.test_loopy" name="test_vector_types[&lt;context factory for &lt;pyopencl.Device 'pthread-Intel(R) Core(TM) i7-10700K CPU @ 3.80GHz' on 'Portable Computing Language'&gt;&gt;-16]" time="1.056" /><testcase classname="test.test_apps" name="test_poisson_fem[&lt;context factory for &lt;pyopencl.Device 'pthread-Intel(R) Core(TM) i7-10700K CPU @ 3.80GHz' on 'Portable Computing Language'&gt;&gt;]" time="1.010" /><testcase classname="test.test_fortran" name="test_assignment_to_subst_indices[&lt;context factory for &lt;pyopencl.Device 'pthread-Intel(R) Core(TM) i7-10700K CPU @ 3.80GHz' on 'Portable Computing Language'&gt;&gt;]" time="0.689" /><testcase classname="test.test_fortran" name="test_if[&lt;context factory for &lt;pyopencl.Device 'pthread-Intel(R) Core(TM) i7-10700K CPU @ 3.80GHz' on 'Portable Computing Language'&gt;&gt;]" time="0.610" /><testcase classname="test.test_linalg" name="test_variable_size_matrix_mul[&lt;context factory for &lt;pyopencl.Device 'pthread-Intel(R) Core(TM) i7-10700K CPU @ 3.80GHz' on 'Portable Computing Language'&gt;&gt;]" time="0.037"><skipped type="pytest.skip" message="crashes on pocl">/home/aj/Dropbox/grad_school/research/cs597/loopy/test/test_linalg.py:205: crashes on pocl</skipped></testcase><testcase classname="test.test_loopy" name="test_conditional[&lt;context factory for &lt;pyopencl.Device 'pthread-Intel(R) Core(TM) i7-10700K CPU @ 3.80GHz' on 'Portable Computing Language'&gt;&gt;]" time="0.938" /><testcase classname="test.test_apps" name="test_domain_tree_nesting" time="0.006" /><testcase classname="test.test_apps" name="test_prefetch_through_indirect_access" time="0.025" /><testcase classname="test.test_linalg" name="test_funny_shape_matrix_mul[&lt;context factory for &lt;pyopencl.Device 'pthread-Intel(R) Core(TM) i7-10700K CPU @ 3.80GHz' on 'Portable Computing Language'&gt;&gt;]" time="1.829" /><testcase classname="test.test_apps" name="test_unsigned_types_to_mod" time="0.007" /><testcase classname="test.test_apps" name="test_abs_as_index" time="0.006" /><testcase classname="test.test_c_execution" name="test_c_target" time="0.042" /><testcase classname="test.test_c_execution" name="test_c_target_strides" time="0.083" /><testcase classname="test.test_c_execution" name="test_c_target_strides_nonsquare" time="0.173" /><testcase classname="test.test_c_execution" name="test_c_optimizations" time="0.194" /><testcase classname="test.test_fortran" name="test_tagged[&lt;context factory for &lt;pyopencl.Device 'pthread-Intel(R) Core(TM) i7-10700K CPU @ 3.80GHz' on 'Portable Computing Language'&gt;&gt;]" time="0.020" /><testcase classname="test.test_fortran" name="test_matmul[&lt;context factory for &lt;pyopencl.Device 'pthread-Intel(R) Core(TM) i7-10700K CPU @ 3.80GHz' on 'Portable Computing Language'&gt;&gt;-]" time="2.366" /><testcase classname="test.test_c_execution" name="test_function_decl_extractor" time="0.035" /><testcase classname="test.test_c_execution" name="test_c_caching" time="0.035" /><testcase classname="test.test_c_execution" name="test_c_execution_with_global_temporaries" time="0.034" /><testcase classname="test.test_c_execution" name="test_missing_compilers" time="0.054" /><testcase classname="test.test_c_execution" name="test_one_length_loop" time="0.032" /><testcase classname="test.test_c_execution" name="test_scalar_global_args" time="0.036" /><testcase classname="test.test_callables" name="test_register_function_lookup[&lt;context factory for &lt;pyopencl.Device 'pthread-Intel(R) Core(TM) i7-10700K CPU @ 3.80GHz' on 'Portable Computing Language'&gt;&gt;]" time="0.038" /><testcase classname="test.test_callables" name="test_register_knl[&lt;context factory for &lt;pyopencl.Device 'pthread-Intel(R) Core(TM) i7-10700K CPU @ 3.80GHz' on 'Portable Computing Language'&gt;&gt;-False]" time="0.062" /><testcase classname="test.test_callables" name="test_register_knl[&lt;context factory for &lt;pyopencl.Device 'pthread-Intel(R) Core(TM) i7-10700K CPU @ 3.80GHz' on 'Portable Computing Language'&gt;&gt;-True]" time="0.079" /><testcase classname="test.test_loopy" name="test_ilp_loop_bound[&lt;context factory for &lt;pyopencl.Device 'pthread-Intel(R) Core(TM) i7-10700K CPU @ 3.80GHz' on 'Portable Computing Language'&gt;&gt;]" time="0.574" /><testcase classname="test.test_callables" name="test_slices_with_negative_step[&lt;context factory for &lt;pyopencl.Device 'pthread-Intel(R) Core(TM) i7-10700K CPU @ 3.80GHz' on 'Portable Computing Language'&gt;&gt;-False]" time="0.049" /><testcase classname="test.test_callables" name="test_slices_with_negative_step[&lt;context factory for &lt;pyopencl.Device 'pthread-Intel(R) Core(TM) i7-10700K CPU @ 3.80GHz' on 'Portable Computing Language'&gt;&gt;-True]" time="0.063" /><testcase classname="test.test_callables" name="test_register_knl_with_hw_axes[&lt;context factory for &lt;pyopencl.Device 'pthread-Intel(R) Core(TM) i7-10700K CPU @ 3.80GHz' on 'Portable Computing Language'&gt;&gt;-False]" time="0.057" /><testcase classname="test.test_callables" name="test_register_knl_with_hw_axes[&lt;context factory for &lt;pyopencl.Device 'pthread-Intel(R) Core(TM) i7-10700K CPU @ 3.80GHz' on 'Portable Computing Language'&gt;&gt;-True]" time="0.071" /><testcase classname="test.test_callables" name="test_shape_translation_through_sub_array_ref[&lt;context factory for &lt;pyopencl.Device 'pthread-Intel(R) Core(TM) i7-10700K CPU @ 3.80GHz' on 'Portable Computing Language'&gt;&gt;-False]" time="0.064" /><testcase classname="test.test_callables" name="test_shape_translation_through_sub_array_ref[&lt;context factory for &lt;pyopencl.Device 'pthread-Intel(R) Core(TM) i7-10700K CPU @ 3.80GHz' on 'Portable Computing Language'&gt;&gt;-True]" time="0.111" /><testcase classname="test.test_callables" name="test_multi_arg_array_call[&lt;context factory for &lt;pyopencl.Device 'pthread-Intel(R) Core(TM) i7-10700K CPU @ 3.80GHz' on 'Portable Computing Language'&gt;&gt;]" time="0.050" /><testcase classname="test.test_callables" name="test_packing_unpacking[&lt;context factory for &lt;pyopencl.Device 'pthread-Intel(R) Core(TM) i7-10700K CPU @ 3.80GHz' on 'Portable Computing Language'&gt;&gt;-False]" time="0.102" /><testcase classname="test.test_loopy" name="test_arg_shape_uses_assumptions[&lt;context factory for &lt;pyopencl.Device 'pthread-Intel(R) Core(TM) i7-10700K CPU @ 3.80GHz' on 'Portable Computing Language'&gt;&gt;]" time="0.009" /><testcase classname="test.test_loopy" name="test_slab_decomposition_does_not_double_execute[&lt;context factory for &lt;pyopencl.Device 'pthread-Intel(R) Core(TM) i7-10700K CPU @ 3.80GHz' on 'Portable Computing Language'&gt;&gt;]" time="0.156" /><testcase classname="test.test_callables" name="test_packing_unpacking[&lt;context factory for &lt;pyopencl.Device 'pthread-Intel(R) Core(TM) i7-10700K CPU @ 3.80GHz' on 'Portable Computing Language'&gt;&gt;-True]" time="0.135" /><testcase classname="test.test_loopy" name="test_multiple_writes_to_local_temporary" time="0.008" /><testcase classname="test.test_loopy" name="test_atomic_init[float32]" time="0.008" /><testcase classname="test.test_loopy" name="test_make_copy_kernel[&lt;context factory for &lt;pyopencl.Device 'pthread-Intel(R) Core(TM) i7-10700K CPU @ 3.80GHz' on 'Portable Computing Language'&gt;&gt;]" time="0.181" /><testcase classname="test.test_loopy" name="test_atomic_init[float64]" time="0.008" /><testcase classname="test.test_loopy" name="test_within_inames_and_reduction" time="0.005" /><testcase classname="test.test_loopy" name="test_literal_local_barrier[&lt;context factory for &lt;pyopencl.Device 'pthread-Intel(R) Core(TM) i7-10700K CPU @ 3.80GHz' on 'Portable Computing Language'&gt;&gt;]" time="0.988" /><testcase classname="test.test_linalg" name="test_rank_one[&lt;context factory for &lt;pyopencl.Device 'pthread-Intel(R) Core(TM) i7-10700K CPU @ 3.80GHz' on 'Portable Computing Language'&gt;&gt;]" time="7.086" /><testcase classname="test.test_loopy" name="test_make_copy_kernel_with_offsets[&lt;context factory for &lt;pyopencl.Device 'pthread-Intel(R) Core(TM) i7-10700K CPU @ 3.80GHz' on 'Portable Computing Language'&gt;&gt;]" time="0.152" /><testcase classname="test.test_loopy" name="test_auto_test_can_detect_problems[&lt;context factory for &lt;pyopencl.Device 'pthread-Intel(R) Core(TM) i7-10700K CPU @ 3.80GHz' on 'Portable Computing Language'&gt;&gt;]" time="0.175" /><testcase classname="test.test_loopy" name="test_auto_test_zero_warmup_rounds[&lt;context factory for &lt;pyopencl.Device 'pthread-Intel(R) Core(TM) i7-10700K CPU @ 3.80GHz' on 'Portable Computing Language'&gt;&gt;]" time="0.722" /><testcase classname="test.test_loopy" name="test_local_barrier_mem_kind" time="0.008" /><testcase classname="test.test_loopy" name="test_kernel_splitting[&lt;context factory for &lt;pyopencl.Device 'pthread-Intel(R) Core(TM) i7-10700K CPU @ 3.80GHz' on 'Portable Computing Language'&gt;&gt;]" time="1.165" /><testcase classname="test.test_fortran" name="test_matmul[&lt;context factory for &lt;pyopencl.Device 'pthread-Intel(R) Core(TM) i7-10700K CPU @ 3.80GHz' on 'Portable Computing Language'&gt;&gt;-i_inner,j_inner]" time="0.037"><skipped type="pytest.skip" message="crashes on pocl">/home/aj/Dropbox/grad_school/research/cs597/loopy/test/test_fortran.py:377: crashes on pocl</skipped></testcase><testcase classname="test.test_fortran" name="test_batched_sparse" time="0.038"><skipped type="pytest.xfail" message="" /></testcase><testcase classname="test.test_loopy" name="test_variable_size_temporary" time="0.035" /><testcase classname="test.test_fortran" name="test_fuse_kernels[&lt;context factory for &lt;pyopencl.Device 'pthread-Intel(R) Core(TM) i7-10700K CPU @ 3.80GHz' on 'Portable Computing Language'&gt;&gt;]" time="1.510" /><testcase classname="test.test_loopy" name="test_atomic[&lt;context factory for &lt;pyopencl.Device 'pthread-Intel(R) Core(TM) i7-10700K CPU @ 3.80GHz' on 'Portable Computing Language'&gt;&gt;-int32]" time="0.859" /><testcase classname="test.test_loopy" name="test_atomic[&lt;context factory for &lt;pyopencl.Device 'pthread-Intel(R) Core(TM) i7-10700K CPU @ 3.80GHz' on 'Portable Computing Language'&gt;&gt;-int64]" time="0.708" /><testcase classname="test.test_loopy" name="test_kernel_splitting_with_loop[&lt;context factory for &lt;pyopencl.Device 'pthread-Intel(R) Core(TM) i7-10700K CPU @ 3.80GHz' on 'Portable Computing Language'&gt;&gt;]" time="0.616" /><testcase classname="test.test_fortran" name="test_parse_and_fuse_two_kernels" time="0.014" /><testcase classname="test.test_fortran" name="test_precompute_some_exist[&lt;context factory for &lt;pyopencl.Device 'pthread-Intel(R) Core(TM) i7-10700K CPU @ 3.80GHz' on 'Portable Computing Language'&gt;&gt;]" time="2.086" /><testcase classname="test.test_loopy" name="test_save_of_private_scalar[&lt;context factory for &lt;pyopencl.Device 'pthread-Intel(R) Core(TM) i7-10700K CPU @ 3.80GHz' on 'Portable Computing Language'&gt;&gt;-True]" time="0.069" /><testcase classname="test.test_loopy" name="test_atomic[&lt;context factory for &lt;pyopencl.Device 'pthread-Intel(R) Core(TM) i7-10700K CPU @ 3.80GHz' on 'Portable Computing Language'&gt;&gt;-float32]" time="1.661" /><testcase classname="test.test_loopy" name="test_save_of_private_scalar[&lt;context factory for &lt;pyopencl.Device 'pthread-Intel(R) Core(TM) i7-10700K CPU @ 3.80GHz' on 'Portable Computing Language'&gt;&gt;-False]" time="0.278" /><testcase classname="test.test_loopy" name="test_save_of_private_array[&lt;context factory for &lt;pyopencl.Device 'pthread-Intel(R) Core(TM) i7-10700K CPU @ 3.80GHz' on 'Portable Computing Language'&gt;&gt;]" time="0.287" /><testcase classname="test.test_loopy" name="test_save_of_private_array_in_hw_loop[&lt;context factory for &lt;pyopencl.Device 'pthread-Intel(R) Core(TM) i7-10700K CPU @ 3.80GHz' on 'Portable Computing Language'&gt;&gt;]" time="0.256" /><testcase classname="test.test_loopy" name="test_save_of_private_multidim_array[&lt;context factory for &lt;pyopencl.Device 'pthread-Intel(R) Core(TM) i7-10700K CPU @ 3.80GHz' on 'Portable Computing Language'&gt;&gt;]" time="0.081" /><testcase classname="test.test_loopy" name="test_save_of_private_multidim_array_in_hw_loop[&lt;context factory for &lt;pyopencl.Device 'pthread-Intel(R) Core(TM) i7-10700K CPU @ 3.80GHz' on 'Portable Computing Language'&gt;&gt;]" time="0.084" /><testcase classname="test.test_loopy" name="test_save_of_multiple_private_temporaries[&lt;context factory for &lt;pyopencl.Device 'pthread-Intel(R) Core(TM) i7-10700K CPU @ 3.80GHz' on 'Portable Computing Language'&gt;&gt;-True]" time="0.100" /><testcase classname="test.test_loopy" name="test_save_of_multiple_private_temporaries[&lt;context factory for &lt;pyopencl.Device 'pthread-Intel(R) Core(TM) i7-10700K CPU @ 3.80GHz' on 'Portable Computing Language'&gt;&gt;-False]" time="0.088" /><testcase classname="test.test_loopy" name="test_save_of_local_array[&lt;context factory for &lt;pyopencl.Device 'pthread-Intel(R) Core(TM) i7-10700K CPU @ 3.80GHz' on 'Portable Computing Language'&gt;&gt;]" time="0.092" /><testcase classname="test.test_loopy" name="test_save_of_local_array_with_explicit_local_barrier[&lt;context factory for &lt;pyopencl.Device 'pthread-Intel(R) Core(TM) i7-10700K CPU @ 3.80GHz' on 'Portable Computing Language'&gt;&gt;]" time="0.094" /><testcase classname="test.test_loopy" name="test_save_local_multidim_array[&lt;context factory for &lt;pyopencl.Device 'pthread-Intel(R) Core(TM) i7-10700K CPU @ 3.80GHz' on 'Portable Computing Language'&gt;&gt;]" time="0.110" /><testcase classname="test.test_loopy" name="test_save_with_base_storage[&lt;context factory for &lt;pyopencl.Device 'pthread-Intel(R) Core(TM) i7-10700K CPU @ 3.80GHz' on 'Portable Computing Language'&gt;&gt;]" time="0.100" /><testcase classname="test.test_loopy" name="test_save_ambiguous_storage_requirements" time="0.017" /><testcase classname="test.test_loopy" name="test_save_across_inames_with_same_tag[&lt;context factory for &lt;pyopencl.Device 'pthread-Intel(R) Core(TM) i7-10700K CPU @ 3.80GHz' on 'Portable Computing Language'&gt;&gt;]" time="0.125" /><testcase classname="test.test_loopy" name="test_atomic[&lt;context factory for &lt;pyopencl.Device 'pthread-Intel(R) Core(TM) i7-10700K CPU @ 3.80GHz' on 'Portable Computing Language'&gt;&gt;-float64]" time="1.088" /><testcase classname="test.test_loopy" name="test_missing_temporary_definition_detection" time="0.016" /><testcase classname="test.test_loopy" name="test_if_else[&lt;context factory for &lt;pyopencl.Device 'pthread-Intel(R) Core(TM) i7-10700K CPU @ 3.80GHz' on 'Portable Computing Language'&gt;&gt;]" time="0.137" /><testcase classname="test.test_loopy" name="test_tight_loop_bounds[&lt;context factory for &lt;pyopencl.Device 'pthread-Intel(R) Core(TM) i7-10700K CPU @ 3.80GHz' on 'Portable Computing Language'&gt;&gt;]" time="0.113" /><testcase classname="test.test_fortran" name="test_fortran_subroutines" time="0.048" /><testcase classname="test.test_loopy" name="test_tight_loop_bounds_codegen" time="0.017" /><testcase classname="test.test_loopy" name="test_unscheduled_insn_detection" time="0.018" /><testcase classname="test.test_fortran" name="test_domain_fusion_imperfectly_nested" time="0.019" /><testcase classname="test.test_loopy" name="test_integer_reduction[&lt;context factory for &lt;pyopencl.Device 'pthread-Intel(R) Core(TM) i7-10700K CPU @ 3.80GHz' on 'Portable Computing Language'&gt;&gt;]" time="4.561" /><testcase classname="test.test_fortran" name="test_division_in_shapes[&lt;context factory for &lt;pyopencl.Device 'pthread-Intel(R) Core(TM) i7-10700K CPU @ 3.80GHz' on 'Portable Computing Language'&gt;&gt;]" time="0.958" /><testcase classname="test.test_loopy" name="test_atomic_load[&lt;context factory for &lt;pyopencl.Device 'pthread-Intel(R) Core(TM) i7-10700K CPU @ 3.80GHz' on 'Portable Computing Language'&gt;&gt;-int32]" time="0.142" /><testcase classname="test.test_loopy" name="test_atomic_load[&lt;context factory for &lt;pyopencl.Device 'pthread-Intel(R) Core(TM) i7-10700K CPU @ 3.80GHz' on 'Portable Computing Language'&gt;&gt;-int64]" time="0.133" /><testcase classname="test.test_loopy" name="test_atomic_load[&lt;context factory for &lt;pyopencl.Device 'pthread-Intel(R) Core(TM) i7-10700K CPU @ 3.80GHz' on 'Portable Computing Language'&gt;&gt;-float32]" time="0.122" /><testcase classname="test.test_fusion" name="test_two_kernel_fusion[&lt;context factory for &lt;pyopencl.Device 'pthread-Intel(R) Core(TM) i7-10700K CPU @ 3.80GHz' on 'Portable Computing Language'&gt;&gt;]" time="0.042" /><testcase classname="test.test_fusion" name="test_write_block_matrix_fusion[&lt;context factory for &lt;pyopencl.Device 'pthread-Intel(R) Core(TM) i7-10700K CPU @ 3.80GHz' on 'Portable Computing Language'&gt;&gt;]" time="0.061" /><testcase classname="test.test_loopy" name="test_atomic_load[&lt;context factory for &lt;pyopencl.Device 'pthread-Intel(R) Core(TM) i7-10700K CPU @ 3.80GHz' on 'Portable Computing Language'&gt;&gt;-float64]" time="0.141" /><testcase classname="test.test_isl" name="test_aff_to_expr" time="0.001" /><testcase classname="test.test_isl" name="test_aff_to_expr_2" time="0.001" /><testcase classname="test.test_isl" name="test_pw_aff_to_conditional_expr" time="0.001" /><testcase classname="test.test_isl" name="test_subst_into_pwqpolynomial" time="0.005" /><testcase classname="test.test_isl" name="test_subst_into_pwaff" time="0.007" /><testcase classname="test.test_isl" name="test_simplify_via_aff_reproducibility" time="0.001" /><testcase classname="test.test_isl" name="test_qpolynomrial_to_expr" time="0.001" /><testcase classname="test.test_linalg" name="test_axpy[&lt;context factory for &lt;pyopencl.Device 'pthread-Intel(R) Core(TM) i7-10700K CPU @ 3.80GHz' on 'Portable Computing Language'&gt;&gt;]" time="8.148" /><testcase classname="test.test_loopy" name="test_atomic_init[int32]" time="0.009" /><testcase classname="test.test_loopy" name="test_atomic_init[int64]" time="0.009" /><testcase classname="test.test_loopy" name="test_missing_definition_check_respects_aliases" time="0.007" /><testcase classname="test.test_loopy" name="test_global_temporary[&lt;context factory for &lt;pyopencl.Device 'pthread-Intel(R) Core(TM) i7-10700K CPU @ 3.80GHz' on 'Portable Computing Language'&gt;&gt;]" time="1.094" /><testcase classname="test.test_loopy" name="test_assign_to_linear_subscript[&lt;context factory for &lt;pyopencl.Device 'pthread-Intel(R) Core(TM) i7-10700K CPU @ 3.80GHz' on 'Portable Computing Language'&gt;&gt;]" time="0.186" /><testcase classname="test.test_linalg" name="test_troublesome_premagma_fermi_matrix_mul[&lt;context factory for &lt;pyopencl.Device 'pthread-Intel(R) Core(TM) i7-10700K CPU @ 3.80GHz' on 'Portable Computing Language'&gt;&gt;]" time="0.945" /><testcase classname="test.test_loopy" name="test_finite_difference_expr_subst[&lt;context factory for &lt;pyopencl.Device 'pthread-Intel(R) Core(TM) i7-10700K CPU @ 3.80GHz' on 'Portable Computing Language'&gt;&gt;]" time="0.376" /><testcase classname="test.test_loopy" name="test_call_with_no_returned_value[&lt;context factory for &lt;pyopencl.Device 'pthread-Intel(R) Core(TM) i7-10700K CPU @ 3.80GHz' on 'Portable Computing Language'&gt;&gt;]" time="0.342" /><testcase classname="test.test_loopy" name="test_call_with_options" time="0.003" /><testcase classname="test.test_loopy" name="test_unschedulable_kernel_detection" time="0.041" /><testcase classname="test.test_linalg" name="test_intel_matrix_mul[&lt;context factory for &lt;pyopencl.Device 'pthread-Intel(R) Core(TM) i7-10700K CPU @ 3.80GHz' on 'Portable Computing Language'&gt;&gt;]" time="1.328" /><testcase classname="test.test_loopy" name="test_regression_no_ret_call_removal[&lt;context factory for &lt;pyopencl.Device 'pthread-Intel(R) Core(TM) i7-10700K CPU @ 3.80GHz' on 'Portable Computing Language'&gt;&gt;]" time="0.007" /><testcase classname="test.test_loopy" name="test_regression_persistent_hash" time="0.007" /><testcase classname="test.test_loopy" name="test_sequential_dependencies[&lt;context factory for &lt;pyopencl.Device 'pthread-Intel(R) Core(TM) i7-10700K CPU @ 3.80GHz' on 'Portable Computing Language'&gt;&gt;]" time="1.232" /><testcase classname="test.test_loopy" name="test_nop[&lt;context factory for &lt;pyopencl.Device 'pthread-Intel(R) Core(TM) i7-10700K CPU @ 3.80GHz' on 'Portable Computing Language'&gt;&gt;]" time="2.239" /><testcase classname="test.test_loopy" name="test_complicated_argmin_reduction[&lt;context factory for &lt;pyopencl.Device 'pthread-Intel(R) Core(TM) i7-10700K CPU @ 3.80GHz' on 'Portable Computing Language'&gt;&gt;]" time="1.849" /><testcase classname="test.test_linalg" name="test_magma_fermi_matrix_mul[&lt;context factory for &lt;pyopencl.Device 'pthread-Intel(R) Core(TM) i7-10700K CPU @ 3.80GHz' on 'Portable Computing Language'&gt;&gt;]" time="0.278"><skipped type="pytest.skip" message="crashes on pocl">/home/aj/Dropbox/grad_school/research/cs597/loopy/test/test_linalg.py:476: crashes on pocl</skipped></testcase><testcase classname="test.test_linalg" name="test_image_matrix_mul[&lt;context factory for &lt;pyopencl.Device 'pthread-Intel(R) Core(TM) i7-10700K CPU @ 3.80GHz' on 'Portable Computing Language'&gt;&gt;]" time="0.165"><skipped type="pytest.skip" message="crashes on pocl">/home/aj/Dropbox/grad_school/research/cs597/loopy/test/test_linalg.py:528: crashes on pocl</skipped></testcase><testcase classname="test.test_linalg" name="test_fancy_matrix_mul[&lt;context factory for &lt;pyopencl.Device 'pthread-Intel(R) Core(TM) i7-10700K CPU @ 3.80GHz' on 'Portable Computing Language'&gt;&gt;]" time="0.968" /><testcase classname="test.test_linalg" name="test_small_batched_matvec[&lt;context factory for &lt;pyopencl.Device 'pthread-Intel(R) Core(TM) i7-10700K CPU @ 3.80GHz' on 'Portable Computing Language'&gt;&gt;]" time="0.807" /><testcase classname="test.test_loopy" name="test_nosync_option_parsing" time="0.007" /><testcase classname="test.test_loopy" name="test_barrier_insertion_near_top_of_loop" time="0.033" /><testcase classname="test.test_loopy" name="test_barrier_insertion_near_bottom_of_loop" time="0.034" /><testcase classname="test.test_loopy" name="test_barrier_in_overridden_get_grid_size_expanded_kernel" time="0.074" /><testcase classname="test.test_loopy" name="test_multi_argument_reduction_type_inference" time="0.004" /><testcase classname="test.test_loopy" name="test_multi_argument_reduction_parsing" time="0.002" /><testcase classname="test.test_loopy" name="test_global_barrier_order_finding" time="0.028" /><testcase classname="test.test_loopy" name="test_global_barrier_error_if_unordered" time="0.003" /><testcase classname="test.test_loopy" name="test_struct_assignment[&lt;context factory for &lt;pyopencl.Device 'pthread-Intel(R) Core(TM) i7-10700K CPU @ 3.80GHz' on 'Portable Computing Language'&gt;&gt;]" time="0.245" /><testcase classname="test.test_loopy" name="test_global_barrier[&lt;context factory for &lt;pyopencl.Device 'pthread-Intel(R) Core(TM) i7-10700K CPU @ 3.80GHz' on 'Portable Computing Language'&gt;&gt;]" time="1.320" /><testcase classname="test.test_loopy" name="test_globals_decl_once_with_multi_subprogram[&lt;context factory for &lt;pyopencl.Device 'pthread-Intel(R) Core(TM) i7-10700K CPU @ 3.80GHz' on 'Portable Computing Language'&gt;&gt;]" time="0.070" /><testcase classname="test.test_loopy" name="test_inames_conditional_generation[&lt;context factory for &lt;pyopencl.Device 'pthread-Intel(R) Core(TM) i7-10700K CPU @ 3.80GHz' on 'Portable Computing Language'&gt;&gt;]" time="0.060" /><testcase classname="test.test_loopy" name="test_complicated_subst[&lt;context factory for &lt;pyopencl.Device 'pthread-Intel(R) Core(TM) i7-10700K CPU @ 3.80GHz' on 'Portable Computing Language'&gt;&gt;]" time="0.010" /><testcase classname="test.test_loopy" name="test_type_inference_no_artificial_doubles" time="0.005" /><testcase classname="test.test_loopy" name="test_fixed_parameters[&lt;context factory for &lt;pyopencl.Device 'pthread-Intel(R) Core(TM) i7-10700K CPU @ 3.80GHz' on 'Portable Computing Language'&gt;&gt;]" time="0.050" /><testcase classname="test.test_loopy" name="test_type_inference_with_type_dependencies" time="0.007" /><testcase classname="test.test_loopy" name="test_sized_and_complex_literals[&lt;context factory for &lt;pyopencl.Device 'pthread-Intel(R) Core(TM) i7-10700K CPU @ 3.80GHz' on 'Portable Computing Language'&gt;&gt;]" time="1.493" /><testcase classname="test.test_loopy" name="test_parameter_inference" time="0.001" /><testcase classname="test.test_loopy" name="test_execution_backend_can_cache_dtypes[&lt;context factory for &lt;pyopencl.Device 'pthread-Intel(R) Core(TM) i7-10700K CPU @ 3.80GHz' on 'Portable Computing Language'&gt;&gt;]" time="0.163" /><testcase classname="test.test_loopy" name="test_wildcard_dep_matching" time="0.007" /><testcase classname="test.test_loopy" name="test_kernel_tagging" time="0.003" /><testcase classname="test.test_loopy" name="test_split_iname_with_multiple_dim_params[&lt;context factory for &lt;pyopencl.Device 'pthread-Intel(R) Core(TM) i7-10700K CPU @ 3.80GHz' on 'Portable Computing Language'&gt;&gt;]" time="1.273" /><testcase classname="test.test_loopy" name="test_missing_global_barrier" time="0.052" /><testcase classname="test.test_loopy" name="test_index_cse[&lt;context factory for &lt;pyopencl.Device 'pthread-Intel(R) Core(TM) i7-10700K CPU @ 3.80GHz' on 'Portable Computing Language'&gt;&gt;]" time="0.033" /><testcase classname="test.test_loopy" name="test_ilp_and_conditionals[&lt;context factory for &lt;pyopencl.Device 'pthread-Intel(R) Core(TM) i7-10700K CPU @ 3.80GHz' on 'Portable Computing Language'&gt;&gt;]" time="1.299" /><testcase classname="test.test_loopy" name="test_trace_assignments[&lt;context factory for &lt;pyopencl.Device 'pthread-Intel(R) Core(TM) i7-10700K CPU @ 3.80GHz' on 'Portable Computing Language'&gt;&gt;-trace_assignments]" time="0.231" /><testcase classname="test.test_loopy" name="test_simple_side_effect" time="0.009" /><testcase classname="test.test_loopy" name="test_owed_barriers" time="0.011" /><testcase classname="test.test_loopy" name="test_multi_cse" time="0.090" /><testcase classname="test.test_loopy" name="test_bare_data_dependency[&lt;context factory for &lt;pyopencl.Device 'pthread-Intel(R) Core(TM) i7-10700K CPU @ 3.80GHz' on 'Portable Computing Language'&gt;&gt;]" time="0.225" /><testcase classname="test.test_loopy" name="test_trace_assignments[&lt;context factory for &lt;pyopencl.Device 'pthread-Intel(R) Core(TM) i7-10700K CPU @ 3.80GHz' on 'Portable Computing Language'&gt;&gt;-trace_assignment_values]" time="0.202" /><testcase classname="test.test_loopy" name="test_ilp_write_race_detection_global" time="0.012" /><testcase classname="test.test_loopy" name="test_ilp_write_race_avoidance_local" time="0.010" /><testcase classname="test.test_loopy" name="test_ilp_write_race_avoidance_private" time="0.007" /><testcase classname="test.test_loopy" name="test_write_parameter" time="0.020" /><testcase classname="test.test_loopy" name="test_arg_shape_guessing" time="0.020" /><testcase classname="test.test_loopy" name="test_arg_guessing" time="0.017" /><testcase classname="test.test_loopy" name="test_tunit_to_python" time="0.116" /><testcase classname="test.test_loopy" name="test_creation_kwargs" time="0.010" /><testcase classname="test.test_loopy" name="test_global_temps_with_multiple_base_storages[&lt;context factory for &lt;pyopencl.Device 'pthread-Intel(R) Core(TM) i7-10700K CPU @ 3.80GHz' on 'Portable Computing Language'&gt;&gt;]" time="0.213" /><testcase classname="test.test_loopy" name="test_global_tv_with_base_storage_across_gbarrier[&lt;context factory for &lt;pyopencl.Device 'pthread-Intel(R) Core(TM) i7-10700K CPU @ 3.80GHz' on 'Portable Computing Language'&gt;&gt;]" time="0.191" /><testcase classname="test.test_loopy" name="test_t_unit_to_python_with_substs" time="0.031" /><testcase classname="test.test_loopy" name="test_type_inference_of_clbls_in_substitutions[&lt;context factory for &lt;pyopencl.Device 'pthread-Intel(R) Core(TM) i7-10700K CPU @ 3.80GHz' on 'Portable Computing Language'&gt;&gt;]" time="0.136" /><testcase classname="test.test_loopy" name="test_get_return_from_kernel_mapping" time="0.026" /><testcase classname="test.test_loopy" name="test_zero_stride_array[&lt;context factory for &lt;pyopencl.Device 'pthread-Intel(R) Core(TM) i7-10700K CPU @ 3.80GHz' on 'Portable Computing Language'&gt;&gt;]" time="0.077" /><testcase classname="test.test_loopy" name="test_arg_inference_for_predicates" time="0.005" /><testcase classname="test.test_loopy" name="test_relaxed_stride_checks[&lt;context factory for &lt;pyopencl.Device 'pthread-Intel(R) Core(TM) i7-10700K CPU @ 3.80GHz' on 'Portable Computing Language'&gt;&gt;]" time="0.060" /><testcase classname="test.test_loopy" name="test_einsum_parsing[&lt;context factory for &lt;pyopencl.Device 'pthread-Intel(R) Core(TM) i7-10700K CPU @ 3.80GHz' on 'Portable Computing Language'&gt;&gt;]" time="0.879" /><testcase classname="test.test_loopy" name="test_sep_array_ordering[&lt;context factory for &lt;pyopencl.Device 'pthread-Intel(R) Core(TM) i7-10700K CPU @ 3.80GHz' on 'Portable Computing Language'&gt;&gt;]" time="0.058" /><testcase classname="test.test_loopy" name="test_add_prefetch_works_in_lhs_index" time="0.057" /><testcase classname="test.test_loopy" name="test_predicated_redn[&lt;context factory for &lt;pyopencl.Device 'pthread-Intel(R) Core(TM) i7-10700K CPU @ 3.80GHz' on 'Portable Computing Language'&gt;&gt;]" time="1.909" /><testcase classname="test.test_loopy" name="test_check_for_variable_access_ordering" time="0.017" /><testcase classname="test.test_loopy" name="test_check_for_variable_access_ordering_with_aliasing" time="0.010" /><testcase classname="test.test_loopy" name="test_no_barriers_for_nonoverlapping_access[2*i-False]" time="0.006" /><testcase classname="test.test_loopy" name="test_no_barriers_for_nonoverlapping_access[2*i+1-False]" time="0.006" /><testcase classname="test.test_loopy" name="test_no_barriers_for_nonoverlapping_access[2*i+2-True]" time="0.006" /><testcase classname="test.test_loopy" name="test_half_complex_conditional[&lt;context factory for &lt;pyopencl.Device 'pthread-Intel(R) Core(TM) i7-10700K CPU @ 3.80GHz' on 'Portable Computing Language'&gt;&gt;]" time="0.051" /><testcase classname="test.test_loopy" name="test_dep_cycle_printing_and_error" time="0.039" /><testcase classname="test.test_loopy" name="test_unr_and_conditionals[&lt;context factory for &lt;pyopencl.Device 'pthread-Intel(R) Core(TM) i7-10700K CPU @ 3.80GHz' on 'Portable Computing Language'&gt;&gt;]" time="0.619" /><testcase classname="test.test_loopy" name="test_backwards_dep_printing_and_error" time="0.011" /><testcase classname="test.test_loopy" name="test_dump_binary[&lt;context factory for &lt;pyopencl.Device 'pthread-Intel(R) Core(TM) i7-10700K CPU @ 3.80GHz' on 'Portable Computing Language'&gt;&gt;]" time="0.000"><skipped type="pytest.skip" message="Not investing time in passing test depends on feature which was deprecated in 2016">/home/aj/Dropbox/grad_school/research/cs597/loopy/test/test_loopy.py:2641: Not investing time in passing test depends on feature which was deprecated in 2016</skipped></testcase><testcase classname="test.test_loopy" name="test_temp_var_type_deprecated_usage" time="0.001" /><testcase classname="test.test_loopy" name="test_shape_mismatch_check[&lt;context factory for &lt;pyopencl.Device 'pthread-Intel(R) Core(TM) i7-10700K CPU @ 3.80GHz' on 'Portable Computing Language'&gt;&gt;]" time="0.058" /><testcase classname="test.test_loopy" name="test_array_arg_extra_kwargs_persis_hash" time="0.001" /><testcase classname="test.test_loopy" name="test_type_inference_walks_fn_in_comparison" time="0.011" /><testcase classname="test.test_loopy" name="test_non_integral_array_idx_raises" time="0.008" /><testcase classname="test.test_loopy" name="test_empty_domain[&lt;context factory for &lt;pyopencl.Device 'pthread-Intel(R) Core(TM) i7-10700K CPU @ 3.80GHz' on 'Portable Computing Language'&gt;&gt;-for]" time="0.048" /><testcase classname="test.test_scan" name="test_sequential_scan[&lt;context factory for &lt;pyopencl.Device 'pthread-Intel(R) Core(TM) i7-10700K CPU @ 3.80GHz' on 'Portable Computing Language'&gt;&gt;-1-2]" time="0.060" /><testcase classname="test.test_scan" name="test_sequential_scan[&lt;context factory for &lt;pyopencl.Device 'pthread-Intel(R) Core(TM) i7-10700K CPU @ 3.80GHz' on 'Portable Computing Language'&gt;&gt;-1-3]" time="0.059" /><testcase classname="test.test_scan" name="test_sequential_scan[&lt;context factory for &lt;pyopencl.Device 'pthread-Intel(R) Core(TM) i7-10700K CPU @ 3.80GHz' on 'Portable Computing Language'&gt;&gt;-1-16]" time="0.059" /><testcase classname="test.test_scan" name="test_sequential_scan[&lt;context factory for &lt;pyopencl.Device 'pthread-Intel(R) Core(TM) i7-10700K CPU @ 3.80GHz' on 'Portable Computing Language'&gt;&gt;-2-1]" time="0.059" /><testcase classname="test.test_scan" name="test_sequential_scan[&lt;context factory for &lt;pyopencl.Device 'pthread-Intel(R) Core(TM) i7-10700K CPU @ 3.80GHz' on 'Portable Computing Language'&gt;&gt;-2-2]" time="0.061" /><testcase classname="test.test_scan" name="test_sequential_scan[&lt;context factory for &lt;pyopencl.Device 'pthread-Intel(R) Core(TM) i7-10700K CPU @ 3.80GHz' on 'Portable Computing Language'&gt;&gt;-2-3]" time="0.060" /><testcase classname="test.test_scan" name="test_sequential_scan[&lt;context factory for &lt;pyopencl.Device 'pthread-Intel(R) Core(TM) i7-10700K CPU @ 3.80GHz' on 'Portable Computing Language'&gt;&gt;-2-16]" time="0.061" /><testcase classname="test.test_scan" name="test_scan_with_different_lower_bound_from_sweep[&lt;context factory for &lt;pyopencl.Device 'pthread-Intel(R) Core(TM) i7-10700K CPU @ 3.80GHz' on 'Portable Computing Language'&gt;&gt;-4-0]" time="0.065" /><testcase classname="test.test_loopy" name="test_constant_array_args[&lt;context factory for &lt;pyopencl.Device 'pthread-Intel(R) Core(TM) i7-10700K CPU @ 3.80GHz' on 'Portable Computing Language'&gt;&gt;]" time="0.727" /><testcase classname="test.test_scan" name="test_scan_with_different_lower_bound_from_sweep[&lt;context factory for &lt;pyopencl.Device 'pthread-Intel(R) Core(TM) i7-10700K CPU @ 3.80GHz' on 'Portable Computing Language'&gt;&gt;-3-1]" time="0.074" /><testcase classname="test.test_misc" name="test_kernel_pickling_and_hashing" time="0.006" /><testcase classname="test.test_misc" name="test_SetTrie" time="0.000" /><testcase classname="test.test_misc" name="test_LazilyUnpicklingDict" time="0.000" /><testcase classname="test.test_misc" name="test_LazilyUnpicklingList" time="0.000" /><testcase classname="test.test_misc" name="test_LazilyUnpicklingListWithEqAndPersistentHashing" time="0.000" /><testcase classname="test.test_misc" name="test_Optional" time="0.000" /><testcase classname="test.test_misc" name="test_memoize_on_disk" time="0.005" /><testcase classname="test.test_misc" name="test_memoize_on_disk_with_pym_expr" time="0.001" /><testcase classname="test.test_nbody" name="test_nbody[&lt;context factory for &lt;pyopencl.Device 'pthread-Intel(R) Core(TM) i7-10700K CPU @ 3.80GHz' on 'Portable Computing Language'&gt;&gt;]" time="1.033" /><testcase classname="test.test_scan" name="test_scan_with_different_lower_bound_from_sweep[&lt;context factory for &lt;pyopencl.Device 'pthread-Intel(R) Core(TM) i7-10700K CPU @ 3.80GHz' on 'Portable Computing Language'&gt;&gt;-2-2]" time="0.070" /><testcase classname="test.test_scan" name="test_scan_with_different_lower_bound_from_sweep[&lt;context factory for &lt;pyopencl.Device 'pthread-Intel(R) Core(TM) i7-10700K CPU @ 3.80GHz' on 'Portable Computing Language'&gt;&gt;-1-3]" time="0.067" /><testcase classname="test.test_scan" name="test_scan_with_different_lower_bound_from_sweep[&lt;context factory for &lt;pyopencl.Device 'pthread-Intel(R) Core(TM) i7-10700K CPU @ 3.80GHz' on 'Portable Computing Language'&gt;&gt;-0-4]" time="0.060" /><testcase classname="test.test_scan" name="test_scan_with_different_lower_bound_from_sweep[&lt;context factory for &lt;pyopencl.Device 'pthread-Intel(R) Core(TM) i7-10700K CPU @ 3.80GHz' on 'Portable Computing Language'&gt;&gt;-5--1]" time="0.061" /><testcase classname="test.test_scan" name="test_automatic_scan_detection" time="0.006" /><testcase classname="test.test_scan" name="test_selective_scan_realization" time="0.000" /><testcase classname="test.test_scan" name="test_force_outer_iname_for_scan" time="0.012" /><testcase classname="test.test_scan" name="test_dependent_domain_scan[&lt;context factory for &lt;pyopencl.Device 'pthread-Intel(R) Core(TM) i7-10700K CPU @ 3.80GHz' on 'Portable Computing Language'&gt;&gt;]" time="0.059" /><testcase classname="test.test_scan" name="test_nested_scan[&lt;context factory for &lt;pyopencl.Device 'pthread-Intel(R) Core(TM) i7-10700K CPU @ 3.80GHz' on 'Portable Computing Language'&gt;&gt;-for-for]" time="0.074" /><testcase classname="test.test_scan" name="test_scan_not_triangular" time="0.007" /><testcase classname="test.test_scan" name="test_local_parallel_scan[&lt;context factory for &lt;pyopencl.Device 'pthread-Intel(R) Core(TM) i7-10700K CPU @ 3.80GHz' on 'Portable Computing Language'&gt;&gt;-1]" time="0.060" /><testcase classname="test.test_scan" name="test_local_parallel_scan[&lt;context factory for &lt;pyopencl.Device 'pthread-Intel(R) Core(TM) i7-10700K CPU @ 3.80GHz' on 'Portable Computing Language'&gt;&gt;-2]" time="0.070" /><testcase classname="test.test_scan" name="test_local_parallel_scan[&lt;context factory for &lt;pyopencl.Device 'pthread-Intel(R) Core(TM) i7-10700K CPU @ 3.80GHz' on 'Portable Computing Language'&gt;&gt;-3]" time="0.068" /><testcase classname="test.test_loopy" name="test_temp_initializer[&lt;context factory for &lt;pyopencl.Device 'pthread-Intel(R) Core(TM) i7-10700K CPU @ 3.80GHz' on 'Portable Computing Language'&gt;&gt;-C-C]" time="0.711" /><testcase classname="test.test_scan" name="test_local_parallel_scan[&lt;context factory for &lt;pyopencl.Device 'pthread-Intel(R) Core(TM) i7-10700K CPU @ 3.80GHz' on 'Portable Computing Language'&gt;&gt;-16]" time="0.074" /><testcase classname="test.test_scan" name="test_local_parallel_scan[&lt;context factory for &lt;pyopencl.Device 'pthread-Intel(R) Core(TM) i7-10700K CPU @ 3.80GHz' on 'Portable Computing Language'&gt;&gt;-17]" time="0.074" /><testcase classname="test.test_scan" name="test_local_parallel_scan_with_nonzero_lower_bounds[&lt;context factory for &lt;pyopencl.Device 'pthread-Intel(R) Core(TM) i7-10700K CPU @ 3.80GHz' on 'Portable Computing Language'&gt;&gt;]" time="0.071" /><testcase classname="test.test_scan" name="test_scan_extra_constraints_on_domain" time="0.009" /><testcase classname="test.test_scan" name="test_scan_with_outer_parallel_iname[&lt;context factory for &lt;pyopencl.Device 'pthread-Intel(R) Core(TM) i7-10700K CPU @ 3.80GHz' on 'Portable Computing Language'&gt;&gt;-for]" time="0.060" /><testcase classname="test.test_scan" name="test_scan_with_outer_parallel_iname[&lt;context factory for &lt;pyopencl.Device 'pthread-Intel(R) Core(TM) i7-10700K CPU @ 3.80GHz' on 'Portable Computing Language'&gt;&gt;-l.1]" time="0.072" /><testcase classname="test.test_numa_diff" name="test_gnuma_horiz_kernel[&lt;context factory for &lt;pyopencl.Device 'pthread-Intel(R) Core(TM) i7-10700K CPU @ 3.80GHz' on 'Portable Computing Language'&gt;&gt;-11-7-1]" time="12.789" /><testcase classname="test.test_scan" name="test_scan_data_types[&lt;context factory for &lt;pyopencl.Device 'pthread-Intel(R) Core(TM) i7-10700K CPU @ 3.80GHz' on 'Portable Computing Language'&gt;&gt;-int32]" time="0.049" /><testcase classname="test.test_loopy" name="test_redn_in_predicate[&lt;context factory for &lt;pyopencl.Device 'pthread-Intel(R) Core(TM) i7-10700K CPU @ 3.80GHz' on 'Portable Computing Language'&gt;&gt;]" time="1.301" /><testcase classname="test.test_scan" name="test_scan_data_types[&lt;context factory for &lt;pyopencl.Device 'pthread-Intel(R) Core(TM) i7-10700K CPU @ 3.80GHz' on 'Portable Computing Language'&gt;&gt;-int64]" time="0.048" /><testcase classname="test.test_scan" name="test_scan_data_types[&lt;context factory for &lt;pyopencl.Device 'pthread-Intel(R) Core(TM) i7-10700K CPU @ 3.80GHz' on 'Portable Computing Language'&gt;&gt;-float32]" time="0.059" /><testcase classname="test.test_scan" name="test_scan_data_types[&lt;context factory for &lt;pyopencl.Device 'pthread-Intel(R) Core(TM) i7-10700K CPU @ 3.80GHz' on 'Portable Computing Language'&gt;&gt;-float64]" time="0.059" /><testcase classname="test.test_scan" name="test_scan_library[&lt;context factory for &lt;pyopencl.Device 'pthread-Intel(R) Core(TM) i7-10700K CPU @ 3.80GHz' on 'Portable Computing Language'&gt;&gt;-sum-sum]" time="0.059" /><testcase classname="test.test_scan" name="test_scan_library[&lt;context factory for &lt;pyopencl.Device 'pthread-Intel(R) Core(TM) i7-10700K CPU @ 3.80GHz' on 'Portable Computing Language'&gt;&gt;-product-prod]" time="0.059" /><testcase classname="test.test_loopy" name="test_temp_initializer[&lt;context factory for &lt;pyopencl.Device 'pthread-Intel(R) Core(TM) i7-10700K CPU @ 3.80GHz' on 'Portable Computing Language'&gt;&gt;-F-C]" time="0.420" /><testcase classname="test.test_scan" name="test_scan_library[&lt;context factory for &lt;pyopencl.Device 'pthread-Intel(R) Core(TM) i7-10700K CPU @ 3.80GHz' on 'Portable Computing Language'&gt;&gt;-min-amin]" time="0.062" /><testcase classname="test.test_scan" name="test_scan_library[&lt;context factory for &lt;pyopencl.Device 'pthread-Intel(R) Core(TM) i7-10700K CPU @ 3.80GHz' on 'Portable Computing Language'&gt;&gt;-max-amax]" time="0.062" /><testcase classname="test.test_scan" name="test_scan_unsupported_tags" time="0.000" /><testcase classname="test.test_scan" name="test_argmax[&lt;context factory for &lt;pyopencl.Device 'pthread-Intel(R) Core(TM) i7-10700K CPU @ 3.80GHz' on 'Portable Computing Language'&gt;&gt;-for]" time="0.064" /><testcase classname="test.test_scan" name="test_argmax[&lt;context factory for &lt;pyopencl.Device 'pthread-Intel(R) Core(TM) i7-10700K CPU @ 3.80GHz' on 'Portable Computing Language'&gt;&gt;-l.0]" time="0.463" /><testcase classname="test.test_loopy" name="test_const_temp_with_initializer_not_saved" time="0.009" /><testcase classname="test.test_loopy" name="test_header_extract" time="0.007" /><testcase classname="test.test_loopy" name="test_scalars_with_base_storage[&lt;context factory for &lt;pyopencl.Device 'pthread-Intel(R) Core(TM) i7-10700K CPU @ 3.80GHz' on 'Portable Computing Language'&gt;&gt;]" time="0.126" /><testcase classname="test.test_loopy" name="test_empty_domain[&lt;context factory for &lt;pyopencl.Device '
[...]
.test_target" name="test_opencl_emits_ternary_operators_correctly[&lt;context factory for &lt;pyopencl.Device 'pthread-Intel(R) Core(TM) i7-10700K CPU @ 3.80GHz' on 'Portable Computing Language'&gt;&gt;-PyOpenCLTarget]" time="0.113" /><testcase classname="test.test_target" name="test_opencl_emits_ternary_operators_correctly[&lt;context factory for &lt;pyopencl.Device 'pthread-Intel(R) Core(TM) i7-10700K CPU @ 3.80GHz' on 'Portable Computing Language'&gt;&gt;-ExecutableCTarget]" time="0.176" /><testcase classname="test.test_statistics" name="test_floor_div_coefficient_collector" time="0.074" /><testcase classname="test.test_statistics" name="test_mem_access_tagged_variables" time="0.089" /><testcase classname="test.test_target" name="test_scalar_array_take_offset[&lt;context factory for &lt;pyopencl.Device 'pthread-Intel(R) Core(TM) i7-10700K CPU @ 3.80GHz' on 'Portable Computing Language'&gt;&gt;]" time="0.144" /><testcase classname="test.test_statistics" name="test_gather_access_footprint" time="0.029" /><testcase classname="test.test_statistics" name="test_gather_access_footprint_2" time="0.017" /><testcase classname="test.test_statistics" name="test_summations_and_filters" time="0.107" /><testcase classname="test.test_target" name="test_inf_support[&lt;context factory for &lt;pyopencl.Device 'pthread-Intel(R) Core(TM) i7-10700K CPU @ 3.80GHz' on 'Portable Computing Language'&gt;&gt;-float32-PyOpenCLTarget]" time="0.142" /><testcase classname="test.test_statistics" name="test_strided_footprint" time="0.023" /><testcase classname="test.test_target" name="test_pyopencl_target_with_global_temps_with_base_storage[&lt;context factory for &lt;pyopencl.Device 'pthread-Intel(R) Core(TM) i7-10700K CPU @ 3.80GHz' on 'Portable Computing Language'&gt;&gt;]" time="0.069" /><testcase classname="test.test_target" name="test_inf_support[&lt;context factory for &lt;pyopencl.Device 'pthread-Intel(R) Core(TM) i7-10700K CPU @ 3.80GHz' on 'Portable Computing Language'&gt;&gt;-float32-ExecutableCTarget]" time="0.185" /><testcase classname="test.test_target" name="test_glibc_bessel_functions[float32]" time="0.142" /><testcase classname="test.test_target" name="test_glibc_bessel_functions[float64]" time="0.059" /><testcase classname="test.test_target" name="test_inf_support[&lt;context factory for &lt;pyopencl.Device 'pthread-Intel(R) Core(TM) i7-10700K CPU @ 3.80GHz' on 'Portable Computing Language'&gt;&gt;-float64-PyOpenCLTarget]" time="0.147" /><testcase classname="test.test_target" name="test_zero_size_temporaries[&lt;context factory for &lt;pyopencl.Device 'pthread-Intel(R) Core(TM) i7-10700K CPU @ 3.80GHz' on 'Portable Computing Language'&gt;&gt;]" time="0.062" /><testcase classname="test.test_target" name="test_empty_array_output[&lt;context factory for &lt;pyopencl.Device 'pthread-Intel(R) Core(TM) i7-10700K CPU @ 3.80GHz' on 'Portable Computing Language'&gt;&gt;]" time="0.056" /><testcase classname="test.test_target" name="test_empty_array_stride_check[&lt;context factory for &lt;pyopencl.Device 'pthread-Intel(R) Core(TM) i7-10700K CPU @ 3.80GHz' on 'Portable Computing Language'&gt;&gt;]" time="0.059" /><testcase classname="test.test_target" name="test_inf_support[&lt;context factory for &lt;pyopencl.Device 'pthread-Intel(R) Core(TM) i7-10700K CPU @ 3.80GHz' on 'Portable Computing Language'&gt;&gt;-float64-ExecutableCTarget]" time="0.183" /><testcase classname="test.test_split_iname_slabs" name="test_split_slabs[&lt;context factory for &lt;pyopencl.Device 'pthread-Intel(R) Core(TM) i7-10700K CPU @ 3.80GHz' on 'Portable Computing Language'&gt;&gt;-{k=1, n=4}]" time="0.077" /><testcase classname="test.test_target" name="test_empty_array_stride_check_fortran[&lt;context factory for &lt;pyopencl.Device 'pthread-Intel(R) Core(TM) i7-10700K CPU @ 3.80GHz' on 'Portable Computing Language'&gt;&gt;]" time="0.052" /><testcase classname="test.test_split_iname_slabs" name="test_split_slabs[&lt;context factory for &lt;pyopencl.Device 'pthread-Intel(R) Core(TM) i7-10700K CPU @ 3.80GHz' on 'Portable Computing Language'&gt;&gt;-{k=1, n=5}]" time="0.049" /><testcase classname="test.test_target" name="test_passing_bajillions_of_svm_args[&lt;context factory for &lt;pyopencl.Device 'pthread-Intel(R) Core(TM) i7-10700K CPU @ 3.80GHz' on 'Portable Computing Language'&gt;&gt;-False]" time="0.000"><error message="failed on setup with &quot;worker 'gw0' crashed while running &quot;test/test_target.py::test_passing_bajillions_of_svm_args[&lt;context factory for &lt;pyopencl.Device 'pthread-Intel(R) Core(TM) i7-10700K CPU @ 3.80GHz' on 'Portable Computing Language'&gt;&gt;-False]&quot;&quot;">worker 'gw0' crashed while running "test/test_target.py::test_passing_bajillions_of_svm_args[&lt;context factory for &lt;pyopencl.Device 'pthread-Intel(R) Core(TM) i7-10700K CPU @ 3.80GHz' on 'Portable Computing Language'&gt;&gt;-False]"</error></testcase><testcase classname="test.test_split_iname_slabs" name="test_split_slabs[&lt;context factory for &lt;pyopencl.Device 'pthread-Intel(R) Core(TM) i7-10700K CPU @ 3.80GHz' on 'Portable Computing Language'&gt;&gt;-{k=4, n=8}]" time="0.047" /><testcase classname="test.test_target" name="test_input_args_are_required[&lt;context factory for &lt;pyopencl.Device 'pthread-Intel(R) Core(TM) i7-10700K CPU @ 3.80GHz' on 'Portable Computing Language'&gt;&gt;]" time="0.116" /><testcase classname="test.test_statistics" name="test_op_counter_basic" time="0.051" /><testcase classname="test.test_statistics" name="test_op_counter_reduction" time="0.027" /><testcase classname="test.test_statistics" name="test_op_counter_logic" time="0.032" /><testcase classname="test.test_target" name="test_pyopencl_execution_accepts_device_scalars[&lt;context factory for &lt;pyopencl.Device 'pthread-Intel(R) Core(TM) i7-10700K CPU @ 3.80GHz' on 'Portable Computing Language'&gt;&gt;]" time="0.106" /><testcase classname="test.test_statistics" name="test_op_counter_special_ops" time="0.067" /><testcase classname="test.test_statistics" name="test_op_counter_bitwise" time="0.056" /><testcase classname="test.test_transform" name="test_chunk_iname[&lt;context factory for &lt;pyopencl.Device 'pthread-Intel(R) Core(TM) i7-10700K CPU @ 3.80GHz' on 'Portable Computing Language'&gt;&gt;-False]" time="0.697" /><testcase classname="test.test_statistics" name="test_op_counter_triangular_domain" time="0.015" /><testcase classname="test.test_transform" name="test_rename_argument[&lt;context factory for &lt;pyopencl.Device 'pthread-Intel(R) Core(TM) i7-10700K CPU @ 3.80GHz' on 'Portable Computing Language'&gt;&gt;]" time="0.047" /><testcase classname="test.test_transform" name="test_fusion" time="0.009" /><testcase classname="test.test_transform" name="test_alias_temporaries[&lt;context factory for &lt;pyopencl.Device 'pthread-Intel(R) Core(TM) i7-10700K CPU @ 3.80GHz' on 'Portable Computing Language'&gt;&gt;]" time="0.821" /><testcase classname="test.test_transform" name="test_collect_common_factors[&lt;context factory for &lt;pyopencl.Device 'pthread-Intel(R) Core(TM) i7-10700K CPU @ 3.80GHz' on 'Portable Computing Language'&gt;&gt;]" time="0.912" /><testcase classname="test.test_transform" name="test_vectorize[&lt;context factory for &lt;pyopencl.Device 'pthread-Intel(R) Core(TM) i7-10700K CPU @ 3.80GHz' on 'Portable Computing Language'&gt;&gt;]" time="0.663" /><testcase classname="test.test_transform" name="test_extract_subst[&lt;context factory for &lt;pyopencl.Device 'pthread-Intel(R) Core(TM) i7-10700K CPU @ 3.80GHz' on 'Portable Computing Language'&gt;&gt;]" time="0.007" /><testcase classname="test.test_transform" name="test_join_inames[&lt;context factory for &lt;pyopencl.Device 'pthread-Intel(R) Core(TM) i7-10700K CPU @ 3.80GHz' on 'Portable Computing Language'&gt;&gt;]" time="1.630" /><testcase classname="test.test_transform" name="test_to_batched[&lt;context factory for &lt;pyopencl.Device 'pthread-Intel(R) Core(TM) i7-10700K CPU @ 3.80GHz' on 'Portable Computing Language'&gt;&gt;]" time="0.148" /><testcase classname="test.test_transform" name="test_affine_map_inames" time="0.021" /><testcase classname="test.test_transform" name="test_precompute_confusing_subst_arguments[&lt;context factory for &lt;pyopencl.Device 'pthread-Intel(R) Core(TM) i7-10700K CPU @ 3.80GHz' on 'Portable Computing Language'&gt;&gt;]" time="1.191" /><testcase classname="test.test_transform" name="test_to_batched_temp[&lt;context factory for &lt;pyopencl.Device 'pthread-Intel(R) Core(TM) i7-10700K CPU @ 3.80GHz' on 'Portable Computing Language'&gt;&gt;]" time="0.951" /><testcase classname="test.test_transform" name="test_add_barrier[&lt;context factory for &lt;pyopencl.Device 'pthread-Intel(R) Core(TM) i7-10700K CPU @ 3.80GHz' on 'Portable Computing Language'&gt;&gt;]" time="0.173" /><testcase classname="test.test_transform" name="test_add_nosync" time="0.012" /><testcase classname="test.test_transform" name="test_uniquify_instruction_ids" time="0.002" /><testcase classname="test.test_transform" name="test_split_iname_only_if_in_within" time="0.010" /><testcase classname="test.test_transform" name="test_nested_substs_in_insns[&lt;context factory for &lt;pyopencl.Device 'pthread-Intel(R) Core(TM) i7-10700K CPU @ 3.80GHz' on 'Portable Computing Language'&gt;&gt;]" time="1.760" /><testcase classname="test.test_transform" name="test_precompute_nested_subst[&lt;context factory for &lt;pyopencl.Device 'pthread-Intel(R) Core(TM) i7-10700K CPU @ 3.80GHz' on 'Portable Computing Language'&gt;&gt;]" time="0.751" /><testcase classname="test.test_transform" name="test_tag_data_axes[&lt;context factory for &lt;pyopencl.Device 'pthread-Intel(R) Core(TM) i7-10700K CPU @ 3.80GHz' on 'Portable Computing Language'&gt;&gt;]" time="0.864" /><testcase classname="test.test_transform" name="test_precompute_with_preexisting_inames[&lt;context factory for &lt;pyopencl.Device 'pthread-Intel(R) Core(TM) i7-10700K CPU @ 3.80GHz' on 'Portable Computing Language'&gt;&gt;]" time="1.012" /><testcase classname="test.test_transform" name="test_set_arg_order" time="0.008" /><testcase classname="test.test_transform" name="test_diamond_tiling[&lt;context factory for &lt;pyopencl.Device 'pthread-Intel(R) Core(TM) i7-10700K CPU @ 3.80GHz' on 'Portable Computing Language'&gt;&gt;]" time="0.618" /><testcase classname="test.test_transform" name="test_map_domain_vs_split_iname[&lt;context factory for &lt;pyopencl.Device 'pthread-Intel(R) Core(TM) i7-10700K CPU @ 3.80GHz' on 'Portable Computing Language'&gt;&gt;]" time="1.588" /><testcase classname="test.test_transform" name="test_precompute_with_preexisting_inames_fail" time="0.055" /><testcase classname="test.test_transform" name="test_extract_subst_with_iname_deps_in_templ[&lt;context factory for &lt;pyopencl.Device 'pthread-Intel(R) Core(TM) i7-10700K CPU @ 3.80GHz' on 'Portable Computing Language'&gt;&gt;]" time="2.581" /><testcase classname="test.test_transform" name="test_prefetch_local_into_private" time="0.049" /><testcase classname="test.test_transform" name="test_add_inames_for_unused_hw_axes[&lt;context factory for &lt;pyopencl.Device 'pthread-Intel(R) Core(TM) i7-10700K CPU @ 3.80GHz' on 'Portable Computing Language'&gt;&gt;]" time="1.747" /><testcase classname="test.test_numa_diff" name="test_gnuma_horiz_kernel[&lt;context factory for &lt;pyopencl.Device 'pthread-Intel(R) Core(TM) i7-10700K CPU @ 3.80GHz' on 'Portable Computing Language'&gt;&gt;-11-7-2]" time="0.352"><skipped type="pytest.skip" message="takes a very long time to compile on pocl">/home/aj/Dropbox/grad_school/research/cs597/loopy/test/test_numa_diff.py:57: takes a very long time to compile on pocl</skipped></testcase><testcase classname="test.test_transform" name="test_map_domain_transform_map_validity_and_errors[&lt;context factory for &lt;pyopencl.Device 'pthread-Intel(R) Core(TM) i7-10700K CPU @ 3.80GHz' on 'Portable Computing Language'&gt;&gt;]" time="0.999" /><testcase classname="test.test_reduction" name="test_nonsense_reduction[&lt;context factory for &lt;pyopencl.Device 'pthread-Intel(R) Core(TM) i7-10700K CPU @ 3.80GHz' on 'Portable Computing Language'&gt;&gt;]" time="0.012" /><testcase classname="test.test_reduction" name="test_empty_reduction[&lt;context factory for &lt;pyopencl.Device 'pthread-Intel(R) Core(TM) i7-10700K CPU @ 3.80GHz' on 'Portable Computing Language'&gt;&gt;]" time="0.255" /><testcase classname="test.test_transform" name="test_rename_argument_with_assumptions" time="0.005" /><testcase classname="test.test_transform" name="test_tag_iname_with_match_pattern" time="0.006" /><testcase classname="test.test_transform" name="test_remove_instructions_with_recursive_deps" time="0.012" /><testcase classname="test.test_reduction" name="test_nested_dependent_reduction[&lt;context factory for &lt;pyopencl.Device 'pthread-Intel(R) Core(TM) i7-10700K CPU @ 3.80GHz' on 'Portable Computing Language'&gt;&gt;]" time="0.064" /><testcase classname="test.test_transform" name="test_prefetch_with_within[&lt;context factory for &lt;pyopencl.Device 'pthread-Intel(R) Core(TM) i7-10700K CPU @ 3.80GHz' on 'Portable Computing Language'&gt;&gt;]" time="0.890" /><testcase classname="test.test_reduction" name="test_multi_nested_dependent_reduction" time="0.071" /><testcase classname="test.test_reduction" name="test_recursive_nested_dependent_reduction" time="0.087" /><testcase classname="test.test_reduction" name="test_local_parallel_reduction[&lt;context factory for &lt;pyopencl.Device 'pthread-Intel(R) Core(TM) i7-10700K CPU @ 3.80GHz' on 'Portable Computing Language'&gt;&gt;-128]" time="1.589" /><testcase classname="test.test_transform" name="test_custom_iname_tag" time="0.013" /><testcase classname="test.test_transform" name="test_unprivatize" time="0.029" /><testcase classname="test.test_transform" name="test_rename_argument_of_domain_params[&lt;context factory for &lt;pyopencl.Device 'pthread-Intel(R) Core(TM) i7-10700K CPU @ 3.80GHz' on 'Portable Computing Language'&gt;&gt;]" time="0.623" /><testcase classname="test.test_transform" name="test_unprivatize_error" time="0.053" /><testcase classname="test.test_transform" name="test_privatize_unprivatize_roundtrip" time="0.029" /><testcase classname="test.test_transform" name="test_simplify_indices_when_inlining[&lt;context factory for &lt;pyopencl.Device 'pthread-Intel(R) Core(TM) i7-10700K CPU @ 3.80GHz' on 'Portable Computing Language'&gt;&gt;]" time="1.835" /><testcase classname="test.test_transform" name="test_privatize_with_nonzero_lbound[&lt;context factory for &lt;pyopencl.Device 'pthread-Intel(R) Core(TM) i7-10700K CPU @ 3.80GHz' on 'Portable Computing Language'&gt;&gt;]" time="0.038" /><testcase classname="test.test_transform" name="test_precompute_does_not_lead_to_dep_cycle[&lt;context factory for &lt;pyopencl.Device 'pthread-Intel(R) Core(TM) i7-10700K CPU @ 3.80GHz' on 'Portable Computing Language'&gt;&gt;]" time="1.683" /><testcase classname="test.test_transform" name="test_rename_argument_with_auto_stride[&lt;context factory for &lt;pyopencl.Device 'pthread-Intel(R) Core(TM) i7-10700K CPU @ 3.80GHz' on 'Portable Computing Language'&gt;&gt;]" time="0.064" /><testcase classname="test.test_transform" name="test_rename_inames[&lt;context factory for &lt;pyopencl.Device 'pthread-Intel(R) Core(TM) i7-10700K CPU @ 3.80GHz' on 'Portable Computing Language'&gt;&gt;]" time="0.523" /><testcase classname="test.test_reduction" name="test_local_parallel_reduction[&lt;context factory for &lt;pyopencl.Device 'pthread-Intel(R) Core(TM) i7-10700K CPU @ 3.80GHz' on 'Portable Computing Language'&gt;&gt;-5]" time="4.712" /><testcase classname="test.test_transform" name="test_buffer_array_preserves_rev_deps[&lt;context factory for &lt;pyopencl.Device 'pthread-Intel(R) Core(TM) i7-10700K CPU @ 3.80GHz' on 'Portable Computing Language'&gt;&gt;]" time="0.944" /><testcase classname="test.test_transform" name="test_rename_inames_redn" time="0.010" /><testcase classname="test.test_transform" name="test_precompute_with_gbarrier[&lt;context factory for &lt;pyopencl.Device 'pthread-Intel(R) Core(TM) i7-10700K CPU @ 3.80GHz' on 'Portable Computing Language'&gt;&gt;]" time="0.719" /><testcase classname="test.test_transform" name="test_simplify_indices[&lt;context factory for &lt;pyopencl.Device 'pthread-Intel(R) Core(TM) i7-10700K CPU @ 3.80GHz' on 'Portable Computing Language'&gt;&gt;]" time="1.829" /><testcase classname="test.test_transform" name="test_rename_inames_existing_ok[&lt;context factory for &lt;pyopencl.Device 'pthread-Intel(R) Core(TM) i7-10700K CPU @ 3.80GHz' on 'Portable Computing Language'&gt;&gt;]" time="0.556" /><testcase classname="test.test_transform" name="test_buffer_array_with_within[&lt;context factory for &lt;pyopencl.Device 'pthread-Intel(R) Core(TM) i7-10700K CPU @ 3.80GHz' on 'Portable Computing Language'&gt;&gt;]" time="1.637" /><testcase classname="test.test_transform" name="test_prefetch_to_same_temp_var[&lt;context factory for &lt;pyopencl.Device 'pthread-Intel(R) Core(TM) i7-10700K CPU @ 3.80GHz' on 'Portable Computing Language'&gt;&gt;]" time="0.830" /><testcase classname="doc.tutorial.rst" name="tutorial.rst" time="6.042" /><testcase classname="test.test_transform" name="test_redn_iname_unique_preserves_metadata" time="0.005" /><testcase classname="test.test_target" name="test_passing_bajillions_of_svm_args[&lt;context factory for &lt;pyopencl.Device 'pthread-Intel(R) Core(TM) i7-10700K CPU @ 3.80GHz' on 'Portable Computing Language'&gt;&gt;-True]" time="0.000"><error message="failed on setup with &quot;worker 'gw3' crashed while running &quot;test/test_target.py::test_passing_bajillions_of_svm_args[&lt;context factory for &lt;pyopencl.Device 'pthread-Intel(R) Core(TM) i7-10700K CPU @ 3.80GHz' on 'Portable Computing Language'&gt;&gt;-True]&quot;&quot;">worker 'gw3' crashed while running "test/test_target.py::test_passing_bajillions_of_svm_args[&lt;context factory for &lt;pyopencl.Device 'pthread-Intel(R) Core(TM) i7-10700K CPU @ 3.80GHz' on 'Portable Computing Language'&gt;&gt;-True]"</error></testcase><testcase classname="test.test_transform" name="test_concatenate_arrays[&lt;context factory for &lt;pyopencl.Device 'pthread-Intel(R) Core(TM) i7-10700K CPU @ 3.80GHz' on 'Portable Computing Language'&gt;&gt;]" time="1.588" /><testcase classname="test.test_reduction" name="test_local_parallel_reduction[&lt;context factory for &lt;pyopencl.Device 'pthread-Intel(R) Core(TM) i7-10700K CPU @ 3.80GHz' on 'Portable Computing Language'&gt;&gt;-113]" time="4.150" /><testcase classname="loopy.isl_helpers" name="loopy.isl_helpers.duplicate_axes" time="0.002" /><testcase classname="test.test_reduction" name="test_local_parallel_reduction[&lt;context factory for &lt;pyopencl.Device 'pthread-Intel(R) Core(TM) i7-10700K CPU @ 3.80GHz' on 'Portable Computing Language'&gt;&gt;-67]" time="3.790" /><testcase classname="test.test_reduction" name="test_local_parallel_reduction[&lt;context factory for &lt;pyopencl.Device 'pthread-Intel(R) Core(TM) i7-10700K CPU @ 3.80GHz' on 'Portable Computing Language'&gt;&gt;-1]" time="3.270" /><testcase classname="test.test_reduction" name="test_global_parallel_reduction[&lt;context factory for &lt;pyopencl.Device 'pthread-Intel(R) Core(TM) i7-10700K CPU @ 3.80GHz' on 'Portable Computing Language'&gt;&gt;-1000]" time="0.700" /><testcase classname="test.test_reduction" name="test_global_mc_parallel_reduction[&lt;context factory for &lt;pyopencl.Device 'pthread-Intel(R) Core(TM) i7-10700K CPU @ 3.80GHz' on 'Portable Computing Language'&gt;&gt;-1000]" time="0.804" /><testcase classname="test.test_reduction" name="test_argmax[&lt;context factory for &lt;pyopencl.Device 'pthread-Intel(R) Core(TM) i7-10700K CPU @ 3.80GHz' on 'Portable Computing Language'&gt;&gt;]" time="0.062" /><testcase classname="test.test_transform" name="test_chunk_iname[&lt;context factory for &lt;pyopencl.Device 'pthread-Intel(R) Core(TM) i7-10700K CPU @ 3.80GHz' on 'Portable Computing Language'&gt;&gt;-True]" time="1.177" /></testsuite></testsuites>